010010101011101011000001010011110 -> 0001011100111101010100010
110000110101011000011000110010110 -> 1111000101010011000110011
000100010010011000100010010011110 -> 0010100101001010000101000
000001001010001100001010011100110 -> 0100001100001100101100000
111010110011001100000011010011110 -> 1110001000011011011100111
111111111111001100001010010000110 -> 1111011110011111111111111
001101110100111000011000100011110 -> 1101110001100011100111100
100111010011000000100000100000110 -> 1101110100011010110001001
011110000000001100000000101110110 -> 1110001000000000011101110
000110111100100100001111100001110 -> 1110001000100111011011000
110000111011011100000110100000110 -> 0110110111011111001100011
010100110110001111000000000010110 -> 0110100100001011001111010
001010111010011010101101000011110 -> 0111101101001111010100100
100100010101110010001011000001110 -> 0100100101110010000011001
111010000001001010000101000010110 -> 0110110110010000010100111
100101000011000000001100110110101 -> 0100000010001000100001001
010110011100111110001001001100101 -> 0110000011100100011111010
001011001000100110100001001000110 -> 0100001010100000111000100
111111001000100110101101110101110 -> 0111100010100100111011111
011101001000100100000100111001110 -> 0110001010101100101001110
110100101000100100100000101010110 -> 0110000011100101001001011
001000111000100110100001111000110 -> 0101000010100111000000100
001100100011000110001101101000110 -> 0011011010011001001001110
001100101110011010100101100000110 -> 0010100111001101000110100
001100101111110010001101011011110 -> 0110100111111101010011100
001100100100010110001001001111110 -> 1011111111000011001011100
100010010111000010101001111000101 -> 0110000010011010011010001
010100111101101110000001111100101 -> 0110000010110111001011010
100101010101100010101101110110111 -> 0110110010110010100001001
001011101110110110101001100000101 -> 0110000011101101111011100
001111111101011110001001100100101 -> 0110000011010111111111000
111101110000001010000101101001101 -> 0010000010000011100101101
000010001111101010000101110000101 -> 0110000010111100010110001
001111001010110101101001101000111 -> 1111010011101100111001100
111010001000100100110000101000111 -> 0111101010100100011000111
100010001101100100100001101001111 -> 0110011110110100011010001
001101010010110100100100101000111 -> 0111111110101010101001100
001100110010110111101101110000111 -> 0111000111101011001001100
001111101010100100001000110000111 -> 0111001110101101111001100
111101111000100000100100100100111 -> 0110111010100111100001111
011010010001000000001111110111110 -> 0010110100010010010000110
001100101010110111000101111000111 -> 0110100111101101001001100
011111001100100100011100111000111 -> 1111100010100100111011110
001100100010110100101000111000111 -> 0111110011101001001001100
110010001101100100001000111110111 -> 0100000010110100011010011
000101011011110000001011111011110 -> 0000101101111110100001000
001110110010110100000010111010111 -> 0111001011100011011001100
001100101111000110111001001010111 -> 1101110010011101001011100
010111001100110010101001001100111 -> 0111001011100100110011010
010011101001000110101100001011111 -> 1011001010010101111000010
001100101101010110101010001000111 -> 0111100111010001001011100
001100101110110110010001101101111 -> 1011001011101101001011100
010100100000000110000011001110110 -> 0001001000000001001001010
001100101100010110111001010001111 -> 1010011011000101001011100
001100100110000110001101010000111 -> 0110001110001001001011100
100011001110100011001001010100111 -> 0111010110101100110010001
010111001110010110010101010101111 -> 1011000111001100111011010
010011101001100111000001011001111 -> 0010000010110101111000010
011110110001100010001011011010110 -> 0111111100110011010001110
010110001100000110001001011000111 -> 0110110110000100001011010
011010101101000110111001011000111 -> 1110101110010101011010110
001100100010110110000001101010111 -> 0111110011101001001001100
000100011001110010001011111101110 -> 0110010001110110000001000
010011101101100110101001111110111 -> 1111101110110101111010010
001101101010110110100000110101111 -> 1110000011101101101001100
001101000010110101000101100101111 -> 0110010011101000101001100
001100101111000110010101100100111 -> 1111110010011101001011100
001110101010110111000101101001111 -> 1010110011101101011001100
001100111010110110100101111001111 -> 0010010011101111001001100
010011011100001110000111110010110 -> 1111001000000110111110010
000000010000010110100001001010101 -> 0110000011000110001000000
110101111100100100100010000010000 -> 0110000100100111101011011
011100110000111010100110000010000 -> 0000001001100011000101110
111000111101101010100110010010000 -> 1000000010110111000110111
000100001000101110100010000000000 -> 0100010000100100001101000
001101001110110110000100000010000 -> 0100100001101100101011100
000101100000011010100100000010000 -> 0101000011000001100101000
010100111100100111000101000000010 -> 0110000110100111001011010
011100110000111010100110100011000 -> 0000001011100011000101110
110101111100100110100011000000000 -> 0110000110100111101011011
000110110001010010000001110110111 -> 1101011011010011010001000
202222222222222210002201101002121 -> 2212222212222222222222212
221222222222222210002201100102121 -> 2212222212222222222222022
220222222222222210002201100102121 -> 2212222212222222222222122
222122222222222210102201100002121 -> 2212222212222222222220222
222022222222222210102201100002121 -> 2212222212222222222221222
222212222222222210002201011002121 -> 2212222212222222202222222
222202222222222210002201011002121 -> 2212222212222222212222222
222221222222222210002201010102121 -> 2212222212222222022222222
222220222222222210002201010102121 -> 2212222212222222122222222
222222122222222210102201010002121 -> 2212222212222220222222222
222222022222222210102201010002121 -> 2212222212222221222222222
222222212222222210002201001102121 -> 2212222212222202222222222
222222202222222210002201001102121 -> 2212222212222212222222222
222222221222222210102201001020121 -> 2122222212222022222222222
222222220222222210102201001020121 -> 2122222212222122222222222
222222222122222210102201110120121 -> 2122222212222222222202222
222222222022222210102201110120121 -> 2122222212222222222212222
222222222212222200002220111020121 -> 2122222212220222222222222
222222222202222200002220111020121 -> 2122222212221222222222222
222222222221222200002220110120121 -> 2122222212202222222222222
222222222220222200002220110120121 -> 2122222212212222222222222
222222222222122200102202110020121 -> 2122222212022222222222222
222222222222022200102202110020121 -> 2122222212122222222222222
222222222222212200102202101020121 -> 2122222210222222222222222
222222222222202200102202101020121 -> 2122222211222222222222222
222222222222221210002201111120121 -> 2122222212222222222022222
222222222222220210002201111120121 -> 2122222212222222222122222
222222222222222110102201111020121 -> 2122222212222222220222222
222222222222222010102201111020121 -> 2122222212222222221222222
022222222222222210002201110002121 -> 2212222212222222222222221
022222222222222200002201110002121 -> 2212222212222222222222220
222222222222222201002221000022100 -> 2222222202222222222222222
222222222222222200002221000022100 -> 2222222212222222222222222
022222222222222210102202110002121 -> 2212222212222222222222220
022222222222222210002202110002121 -> 2212222212222222222222221
022222222222222210002201110002121 -> 2212222212222222222222221
022222222222222210002201010002121 -> 2212222212222222222222220
222222222222222200002222010022100 -> 2222222202222222222222222
222222222222222200002222000022100 -> 2222222212222222222222222
022222222222222210002201111002121 -> 2212222212222222222222220
022222222222222210002201110002121 -> 2212222212222222222222221
022222222222222210002201110102121 -> 2212222212222222222222220
022222222222222210002201110002121 -> 2212222212222222222222221
001100112222222210101220010012121 -> 2212222212222211002221100
001100112222222210101220010002121 -> 2212222212222210002221100
222222221000110100102120110021121 -> 2122222211100122221002222
222222221000110100102120110020121 -> 2122222211000122221002222
222222222222222201002201000022110 -> 2222222212222222222222222
222222222222222201002201000022100 -> 2222222202222222222222222
022200122000120110002220110022110 -> 1222222212100221001002221
122200122000120110002220110022110 -> 0222222212100221001002220
202212201202200120022222220022212 -> 2222212222222222222222222
212212201202200120022222220022212 -> 2222202220220102211022212
220221202121220222022222222022212 -> 2222122222222222222222222
221221202121220222022222222022212 -> 2222022222212202122012122
001022222010100110002001110002111 -> 2212221210101222221000101
001122222010100110002001110002111 -> 2212220210101222221001101
202202201202200120022222220022212 -> 2222202220220102201022202
202212201202200120022222220022212 -> 2222212222222222222222222
220220202121220222022222222022212 -> 2222022222212202022012022
220221202121220222022222222022212 -> 2222122222222222222222222
222122021022102022012212220022120 -> 2220222220122120220201222
222122121022102022012212220022120 -> 2221222220122121220201222
202202201202200120022222220022212 -> 2222202220220102201022202
202202211202200120022222220022212 -> 2222212222222222222222222
001100100122220110001211110022110 -> 2202222002222001001011100
001100101122220110001211110022110 -> 2202222102222101001011100
221221202020220222022222222022212 -> 2222022222202202122002122
221221202120220222022222222022212 -> 2222122222222222222222222
001122222000100110002111110022110 -> 2222221200100222221001100
001122222010100110002111110022110 -> 2222220200101222221001100
001122222000000110002101110022110 -> 2222221210000222221001101
001122222001000110002101110022110 -> 2222220210010222221001101
001122222000000110002111110022110 -> 2222220200000222221001100
001122222000100110002111110022110 -> 2222221200100222221001100
001022222010100110002011110002111 -> 2212220210101222221000100
001022222010110110002011110002111 -> 2212221211101222221000100
202212201202200121022220220022220 -> 2222202220220102211022202
202212201202201121022220220022220 -> 2222212222222222222222222
222122121022102022012212220022120 -> 2221222220122121220201222
222122121022102122012212220022120 -> 2220222220122121221201222
022200122010120110002220110022110 -> 0222222212101221001002221
022200122010120110002201110022110 -> 1222222212101221001002221
221221202120220222122212222222020 -> 2222022222222222222222222
221221202120220222122202222022220 -> 2222122222222222222222222
222222222222222210102211010022110 -> 2222222202222222222222222
222222222222222200002222000022100 -> 2222222212222222222222222
001100112222222222222222222202221 -> 2212222212222222222222222
001100112222222222221222222212221 -> 2212222212222211002221100
222222221000110122222222222220221 -> 2122222212222222222222222
222222221000110122222122222221221 -> 2122222211100122221002222
001122222010110100102220110000111 -> 2112221211001222221001100
100100101100101110000001110022010 -> 0100010110101101001111001
001100111100100110000001000022010 -> 0110111100100111001011100
001100111100110110000120000022110 -> 1011101111100111001011100
222222022222222210102220010002121 -> 2212222212222221222222222
100000101100110122002220100102021 -> 2210222211100101001010001
111100111100000110110011000022000 -> 0010000110000111001011111
222222222222222200102212000022100 -> 2222222202222222222222222
222222222222222210102200010022110 -> 2222222212222222222222222
222222022222222210102201010022100 -> 2222222202222220222222222
220221212120220210002221110002101 -> 0210000012202212122012022
220221212120220210002221110002111 -> 2212122212202212122012022
222222222222222221222221222222200 -> 2222222202222222222222222
111122222222222210002201110022110 -> 2222222212222222222221110
001100112222222222220222222212221 -> 2202222212222211002221100
001100102222222210000201110022110 -> 2212222212222201002221101
001221202120220222122212222222020 -> 2222022222222222222222222
221221202120220222122212222222011 -> 2222122212202202122012122
000000021000110122222222222220221 -> 2122222212222222222222222
101012221000110110102201001020110 -> 2022222211100022211000101
220221212120220210002221110002101 -> 0210000012202212122012022
221221202120220222022222222222200 -> 2222122222202202122012122
122222222222222210002201110002121 -> 2212222212222222222222220
022222222222222210002201110002121 -> 2212222212222222222222221
212222222222222210002201101002121 -> 2212222212222222222222202
202222222222222210002201101002121 -> 2212222212222222222222212
221222222222222210002201100102121 -> 2212222212222222222222022
220222222222222210002201100102121 -> 2212222212222222222222122
222122222222222210102201100002121 -> 2212222212222222222220222
222022222222222210102201100002121 -> 2212222212222222222221222
222212222222222210002201011002121 -> 2212222212222222202222222
222202222222222210002201011002121 -> 2212222212222222212222222
222221222222222210002201010102121 -> 2212222212222222022222222
222220222222222210002201010102121 -> 2212222212222222122222222
222222122222222210102201010002121 -> 2212222212222220222222222
222222022222222210102201010002121 -> 2212222212222221222222222
222222212222222210002201001102121 -> 2212222212222202222222222
222222202222222210002201001102121 -> 2212222212222212222222222
222222221222222210102201001020121 -> 2122222212222022222222222
222222220222222210102201001020121 -> 2122222212222122222222222
222222222122222210102201110120121 -> 2122222212222222222202222
222222222022222210102201110120121 -> 2122222212222222222212222
222222222212222200002220111020121 -> 2122222212220222222222222
222222222202222200002220111020121 -> 2122222212221222222222222
222222222221222200002220110120121 -> 2122222212202222222222222
222222222220222200002220110120121 -> 2122222212212222222222222
222222222222122200102202110020121 -> 2122222212022222222222222
222222222222022200102202110020121 -> 2122222212122222222222222
222222222222212200102202101020121 -> 2122222210222222222222222
222222222222202200102202101020121 -> 2122222211222222222222222
222222222222221210002201111120121 -> 2122222212222222222022222
222222222222220210002201111120121 -> 2122222212222222222122222
222222222222222110102201111020121 -> 2122222212222222220222222
222222222222222010102201111020121 -> 2122222212222222221222222
001122222000100110002111110022110 -> 2222221200100222221001100
101122222000100110002111110022110 -> 2222220200100222221001101
100122222000100110002101110022110 -> 2222220210100222221001000
110122222000100110002101110022110 -> 2222221210100222221001010
122200122000120110002211110002111 -> 0212222212100221001002221
122210122000120110002211110002111 -> 1212222212100221011002221
122210022000120110002211110002111 -> 0212222212100220011002221
122211022000120110002211110002111 -> 1212222212100220111002221
101122222000100110002111110022110 -> 2222220200100222221001101
101122222100100110002111110022110 -> 2222221200100222221011101
122200122100120010002201110002111 -> 1212222212100221000012220
122200122100121010002201110002111 -> 0212222212100221000112220
001100101122220110001211110022110 -> 2202222102222101001011100
001100101122220110000211110002111 -> 2212222012222101001011100
001100101122220110001211110002111 -> 2212222012222101001011100
001100101122220110000211110022110 -> 2202222002222101001011100
001100100122220110001201110022110 -> 2212222112222001001011101
001100101122220110001201110022110 -> 2212222012222101001011101
001122222000100110002111110022110 -> 2222221200100222221001100
001122222010100110002111110022110 -> 2222220200101222221001100
001122222000000110002101110022110 -> 2222221210000222221001101
001122222001000110002101110022110 -> 2222220210010222221001101
001122222010100110002111110022110 -> 2222220200101222221001100
001122222010100110002011110002111 -> 2212221210101222221001100
001122222010100110002111110002111 -> 2212221210101222221001100
001122222010100110002011110022110 -> 2222221200101222221001100
001022222010100110002011110002111 -> 2212220210101222221000100
001022222010110110002011110002111 -> 2212221211101222221000100
022200122000120110002220110022110 -> 1222222212100221001002221
022100111100120100000220110002111 -> 0212222212100111001011220
022200122000120110002220110002111 -> 0212222212100221001002221
022200122000120110002201110022110 -> 0222222212100221001002221
022100111100120100000220110022110 -> 0222222202100111001011220
222122121022102022012212220022120 -> 2221222220122121220201222
222122121022102122012212220022120 -> 2220222220122121221201222
202212200202200020022222220022212 -> 2222212222222222222222222
202212200202210020022222220022212 -> 2222202221220002210022202
222222222222222210102200010022110 -> 2222222212222222222222222
000100101101000110110010000022010 -> 1100100110010101101011000
222222222222222200102212000022100 -> 2222222202222222222222222
000100101100100110110000000022010 -> 1110100100100101001011000
111100111000101011100011000022000 -> 0010000000100111000101111
022222222222222210002201110002121 -> 2212222212222222222222221
001000101000111011100010000022010 -> 0110100011100101000100100
222222222222222210002220000022100 -> 2222222202222222222222222
001000101122220110000211110002111 -> 2212222112222101001010100
001100101122220110000211110002111 -> 2212222012222101001011100
001000101122220110000211110002111 -> 2212222112222101001010100
001000111122220110000211110002111 -> 2212222012222111001010100
222222220000100110102201001022110 -> 2022222210100122221002222
222222221000100110102201001022110 -> 2122222210100022221002222
222222220000100110102201001022110 -> 2022222210100122221002222
222222220000110110102201001022110 -> 2122222211100122221002222
022200122000120110002220110022110 -> 1222222212100221001002221
122200122000120110002220110022110 -> 0222222212100221001002220
001100100000100110100010010022010 -> 0100010000100001001001100
111100100000100110100010010022000 -> 1100000010100001001001111
202212201202200120022222220022212 -> 2222212222222222222222222
212212201202200120022222220022212 -> 2222202220220102211022212
202212201202200120022222220022212 -> 2222212222222222222222222
202212201212200120022222220022212 -> 2222202220221102211022202
221221202120220222022222222022212 -> 2222122222222222222222222
221221202121220222022222222022212 -> 2222022222212202122012122
222022121022102022012212220022120 -> 2220222220122121220200222
222122121022102022012212220022120 -> 2221222220122121220201222
222122121022002022012212220022120 -> 2220222220022121220201222
222122121022102022012212220022120 -> 2221222220122121220201222
222122121022002022012212220022120 -> 2220222220022121220201222
222122121022002022002221110002112 -> 2221222220022121220201222
222122121022002022012212220022111 -> 2221222210022121220201222
222122121022002022212202222222220 -> 2221222220022121220201222
222122121022002022002211220022220 -> 2221222220022121220201222
222222222202222200002220101020121 -> 2122222212220222222222222
222222222202222200002220110020121 -> 2122222212220222222222222
222222222202222200002220111020121 -> 2122222212221222222222222
222220222222222210002220010002121 -> 2212222212222222022222222
222220222222222210002220010102121 -> 2212222212222222122222222
222222222222222200002222000122100 -> 2222222202222222222222222
001100112222222222221222222212221 -> 2212222212222211002221100
001100112222222222220222222212221 -> 2202222212222211002221100
001100112222222222220222222212221 -> 2202222212222211002221100
001100102222222210001201110002110 -> 2212222212222201002221101
001100102222222210000201110022110 -> 2212222212222201002221101
222222221000110122222022222221221 -> 2022222211100122221002222
222222221000100110102101001020110 -> 2122222210100022221002222
222222221000100110102001001022110 -> 2122222210100022221002222
100122222000100110002111110022110 -> 2222221200100222221001001
101122222000100110002111110022110 -> 2222220200100222221001101
100100101122220110000201110002111 -> 2212222112222101001011000
101100101122220110000201110002111 -> 2212222012222101001011100
001110001122220110000201110002111 -> 2212222112222100011011101
001110101122220110000201110002111 -> 2212222012222101011011101
122210022000120110002201110002111 -> 1212222212100220011002220
122210122000120110002201110002111 -> 0212222212100221011002220
122200122100120010002201110002111 -> 1212222212100221000012220
122200122100120110002201110002111 -> 0212222212100221001012220
101122222100100010002101110022110 -> 2222221210100222220011100
101122222100100110002101110022110 -> 2222220210100222221011100
222222221000000110102201001022110 -> 2022222210000022221002222
222222221000100110102201001022110 -> 2122222210100022221002222
001122222010000110002101110022110 -> 2222220210001222221001101
001122222010100110002101110022110 -> 2222221210101222221001101
001000100000100110100110100022010 -> 0111010100100001001000100
001100100000100110100110100022010 -> 0100011010100001001001100
001022222010100110002001110002111 -> 2212221210101222221000101
001122222010100110002001110002111 -> 2212220210101222221001101
202202201202200120022222220022212 -> 2222202220220102201022202
202212201202200120022222220022212 -> 2222212222222222222222222
202202201202200120022222220022212 -> 2222202220220102201022202
202202211202200120022222220022212 -> 2222212222222222222222222
202212201202200121022220220022220 -> 2222202220220102211022202
202212201202200120022222220022212 -> 2222212222222222222222222
202212201202200121022220220022211 -> 2222212212222222222222222
202212201202200121222221222222220 -> 2222212220220102211022202
202212201202200120022220220022220 -> 2222212222222222222222222
202212201202200121022220220022220 -> 2222202220220102211022202
202212201202201121022220220022220 -> 2222212222222222222222222
202212200202200020022222220022212 -> 2222212222222222222222222
202212201202200020022222220022212 -> 2222202220220102210022202
222122120022102122012212220022120 -> 2221222220122021221201222
222122121022102122012212220022120 -> 2220222220122121221201222
220220202121220222022222222022212 -> 2222022222212202022012022
220221202121220222022222222022212 -> 2222122222222222222222222
220220202121220222022222222022212 -> 2222022222212202022012022
220220212121220222022222222022212 -> 2222122222222222222222222
221221202020220222022222222022212 -> 2222022222202202122002122
221221202120220222022222222022212 -> 2222122222222222222222222
221221202020220222022222222022212 -> 2222022222202202122002122
221221202020221222022222222022212 -> 2222122222222222222222222
222122021022102022012212220022120 -> 2220222220122120220201222
222122121022102022012212220022120 -> 2221222220122121220201222
222122021022102022012212220022120 -> 2220222220122120220201222
222122021122102022012212220022120 -> 2221222220122120220211222
222222222222222200002222000022100 -> 2222222212222222222222222
222222222222222201002221000022100 -> 2222222202222222222222222
001100101110100111100010000022010 -> 0000100010101101001011100
222222222222222200002221000022100 -> 2222222212222222222222222
222222222222222200002222000022100 -> 2222222212222222222222222
222222222222222200012202000022100 -> 2222222202222222222222222
001100101001001010110010000022010 -> 0000000110010101000101100
222222222222222210002222000022100 -> 2222222202222222222222222
001100101101100110100010000022000 -> 0000000010110101001011100
222222222222222200102222000022100 -> 2222222202222222222222222
001100101000100010100010000022010 -> 1000011010101101000001100
222222222222222200002222000022100 -> 2222222212222222222222222
222222022222222210102202010012102 -> 2222222222222220222222222
222222222222222210102201010022110 -> 2222222212222222222222222
222222222222222210102211010022110 -> 2222222202222222222222222
222222022222222210102200010012111 -> 2222222212222220222222222
222222022222222210102201010022100 -> 2222222202222220222222222
222222222222222200002220000122110 -> 2222222212222222222222222
001122222000100110002111110022110 -> 2222221200100222221001100
101122222000100110002111110022110 -> 2222220200100222221001101
001100101122220110000201110002111 -> 2212222112222101001011101
101100101122220110000201110002111 -> 2212222012222101001011100
001100101122220110000201110002111 -> 2212222112222101001011101
001110101122220110000201110002111 -> 2212222012222101011011101
122200122000120110002201110002111 -> 1212222212100221001002220
122210122000120110002201110002111 -> 0212222212100221011002220
101122222100100110002101110022110 -> 2222220210100222221011100
001100101122220110001201110022110 -> 2212222012222101001011101
001100101122220110000201110002111 -> 2212222112222101001011101
001100101100100110001001000022010 -> 0100001110100101001011100
001100101100100110000001000022010 -> 0100001000100101001011100
222222221000100110102201001022110 -> 2122222210100022221002222
001122222000100110002101110022110 -> 2222220210100222221001101
001122222010100110002101110022110 -> 2222221210101222221001101
001100100000100110100110100022010 -> 0100011010100001001001100
001100100000100110100010100022010 -> 0100010000100001001001100
001122222010100110002101110022110 -> 2222221210101222221001101
001122222010100110002001110002111 -> 2212220210101222221001101
022200122000120110002220110022110 -> 1222222212100221001002221
022100111100120100000220110002111 -> 0212222212100111001011220
001100100000100110100010010022010 -> 0100010000100001001001100
001100100000100100100110010022010 -> 1100011000100001001001100
202212201202200020022222220022212 -> 2222202220220102210022202
202212201202200120022222220022212 -> 2222212222222222222222222
222122121022102022012212220022120 -> 2221222220122121220201222
100122222000100110002111110022110 -> 2222221200100222221001001
110122222000100110002111110022110 -> 2222220200100222221001011
100100101122220110000201110002111 -> 2212222112222101001011000
110100101122220110000201110002111 -> 2212222012222101001011010
001110001122220110000201110002111 -> 2212222112222100011011101
001111001122220110000201110002111 -> 2212222012222100111011101
122210022000120110002201110002111 -> 1212222212100220011002220
122211022000120110002201110002111 -> 0212222212100220111002220
122200122100120010002201110002111 -> 1212222212100221000012220
122200122100121010002201110002111 -> 0212222212100221000112220
101122222100100010002101110022110 -> 2222221210100222220011100
101122222100101010002101110022110 -> 2222220210100222220111100
001100100122220110001201110022110 -> 2212222112222001001011101
001100101122220110001201110022110 -> 2212222012222101001011101
001100100100110110000101000022010 -> 0100001111100001001011100
001100101100100110000001000022010 -> 0100001000100101001011100
222222221000000110102201001022110 -> 2022222210000022221002222
222222221001000110102201001022110 -> 2122222210010022221002222
001122222010000110002101110022110 -> 2222220210001222221001101
001122222011000110002101110022110 -> 2222221210011222221001101
001000100000100110100110100022010 -> 0111010100100001001000100
001000000000110110100110100022010 -> 1001001001100000001000100
001022222010100110002001110002111 -> 2212221210101222221000101
001022222010110110002001110002111 -> 2212220211101222221000101
202212200202200020022222220022212 -> 2222212222222222222222222
202212200202210020022222220022212 -> 2222202221220002210022202
222122120022102122012212220022120 -> 2221222220122021221201222
222122120022112122012212220022120 -> 2220222221122021221201222
222222222220222200002220110120121 -> 2122222212212222222222222
222222222220222201002201110120121 -> 2122222212202222222222222
222222022222222210102220010002121 -> 2212222212222221222222222
222222022222222210112202010002121 -> 2212222212222220222222222
222222022222222210102220010002121 -> 2212222212222221222222222
222222022222222210102211010002121 -> 2212222212222220222222222
222222022222222210102220010002100 -> 2222222202222220222222222
000101101110100110002201100102021 -> 0210022010101101101011000
222222022222222210102220010012121 -> 2222222212222220222222222
222222022222222210102201010002121 -> 2212222212222221222222222
222222022222222210102202010012102 -> 2222222222222220222222222
222222222222022200102220110020100 -> 2222222202022222222222222
100100101000101020102200110020021 -> 0120200210100101000101001
222222222222022200102202110021102 -> 2222222222022222222222222
202202201202200120022222220022212 -> 2222202220220102201022202
202212201202200120022222220022212 -> 2222212222222222222222222
202212211202200120022222220022212 -> 2222202220220112211022202
202212211202200120022222220022212 -> 2222202220220112211022202
202212201202200121022220220022220 -> 2222202220220102211022202
202212201202200120022222220022212 -> 2222212222222222222222222
202212201202201120022222220022212 -> 2222202220220102211122202
202212201202200121022220220022220 -> 2222202220220102211022202
202212201202201121022220220022220 -> 2222212222222222222222222
202212201202201120022222220022212 -> 2222202220220102211122202
202212201202200120022222220022212 -> 2222212222222222222222222
202212201202201120022222220022212 -> 2222202220220102211122202
220220202121220222022222222022212 -> 2222022222212202022012022
220221202121220222022222222022212 -> 2222122222222222222222222
220221212121220222022222222022212 -> 2222022222212212122012022
220220202121220222022222222022212 -> 2222022222212202022012022
221221202120221222022222222022212 -> 2222022222202202122112122
222122021022102022012212220022120 -> 2220222220122120220201222
222122121022102022012212220022120 -> 2221222220122121220201222
222122121122102022012212220022120 -> 2220222220122121220211222
222122021022102022012212220022120 -> 2220222220122120220201222
222122021122102022012212220022120 -> 2221222220122120220211222
222122121122102022012212220022120 -> 2220222220122121220211222
222122121022102022012212220022120 -> 2221222220122121220201222
222122121122102022012212220022120 -> 2220222220122121220211222
222222220222222210002220001020121 -> 2122222212222022222222222
222222220222222210102220001020121 -> 2122222212222122222222222
001000101122220110000211110002111 -> 2212222112222101001010100
001100101122220110000211110002111 -> 2212222012222101001011100
001100111122220110000211110002111 -> 2212222112222111001011100
001000101122220110000211110002111 -> 2212222112222101001010100
001000111122220110000211110002111 -> 2212222012222111001010100
001100111122220110000211110002111 -> 2212222112222111001011100
001100111122220110000211110002111 -> 2212222112222111001011100
001100101122220110000211110002111 -> 2212222012222101001011100
222222220000100110102201001022110 -> 2022222210100122221002222
222222221000100110102201001022110 -> 2122222210100022221002222
222222220000110110102201001022110 -> 2122222211100122221002222
222222221000110110102201001022110 -> 2022222211100022221002222
222222221000110110102201001022110 -> 2022222211100022221002222
222222221000100110102201001022110 -> 2122222210100022221002222
222122121022002022012212220022120 -> 2220222220022121220201222
222122121022102022012212220022120 -> 2221222220122121220201222
222122121022102022002221110002112 -> 2220222220122121220201222
222122121022002022012212220022120 -> 2220222220022121220201222
222122121022102022002221110002112 -> 2220222220122121220201222
222122121022102022012212220022120 -> 2221222220122121220201222
100122222000100110002111110022110 -> 2222221200100222221001001
110122222000100110002111110022110 -> 2222220200100222221001011
111122222000100110002111110022110 -> 2222221200100222221001111
100122222000100110002111110022110 -> 2222221200100222221001001
101122222000100110002111110022110 -> 2222220200100222221001101
100100101122220110000201110002111 -> 2212222112222101001011000
110100101122220110000201110002111 -> 2212222012222101001011010
111100101122220110000201110002111 -> 2212222112222101001011110
100100101122220110000201110002111 -> 2212222112222101001011000
101100101122220110000201110002111 -> 2212222012222101001011100
111100101122220110000201110002111 -> 2212222112222101001011110
101100101122220110000201110002111 -> 2212222012222101001011100
111100101122220110000201110002111 -> 2212222112222101001011110
001110001122220110000201110002111 -> 2212222112222100011011101
001111001122220110000201110002111 -> 2212222012222100111011101
001111101122220110000201110002111 -> 2212222112222101111011101
001110001122220110000201110002111 -> 2212222112222100011011101
001110101122220110000201110002111 -> 2212222012222101011011101
001111101122220110000201110002111 -> 2212222112222101111011101
001110101122220110000201110002111 -> 2212222012222101011011101
001111101122220110000201110002111 -> 2212222112222101111011101
122210022000120110002201110002111 -> 1212222212100220011002220
122211022000120110002201110002111 -> 0212222212100220111002220
122211122000120110002201110002111 -> 1212222212100221111002220
122210022000120110002201110002111 -> 1212222212100220011002220
122210122000120110002201110002111 -> 0212222212100221011002220
122211122000120110002201110002111 -> 1212222212100221111002220
122210122000120110002201110002111 -> 0212222212100221011002220
122211122000120110002201110002111 -> 1212222212100221111002220
122200122100120010002201110002111 -> 1212222212100221000012220
122200122100121010002201110002111 -> 0212222212100221000112220
122200122100121110002201110002111 -> 1212222212100221001112220
122200122100120010002201110002111 -> 1212222212100221000012220
122200122100120110002201110002111 -> 0212222212100221001012220
122200122100121110002201110002111 -> 1212222212100221001112220
122200122100120110002201110002111 -> 0212222212100221001012220
122200122100121110002201110002111 -> 1212222212100221001112220
101122222100100010002101110022110 -> 2222221210100222220011100
101122222100101010002101110022110 -> 2222220210100222220111100
101122222100101110002101110022110 -> 2222221210100222221111100
101122222100100010002101110022110 -> 2222221210100222220011100
101122222100100110002101110022110 -> 2222220210100222221011100
101122222100101110002101110022110 -> 2222221210100222221111100
101122222100100110002101110022110 -> 2222220210100222221011100
101122222100101110002101110022110 -> 2222221210100222221111100
222222221000100110102201001022110 -> 2122222210100022221002222
222222221001100110102201001022110 -> 2022222210110022221002222
001122222010000110002101110022110 -> 2222220210001222221001101
001122222011000110002101110022110 -> 2222221210011222221001101
001122222011100110002101110022110 -> 2222220210111222221001101
001122222010000110002101110022110 -> 2222220210001222221001101
001122222010100110002101110022110 -> 2222221210101222221001101
001122222011100110002101110022110 -> 2222220210111222221001101
001122222010100110002101110022110 -> 2222221210101222221001101
001122222011100110002101110022110 -> 2222220210111222221001101
001000100000100110100110100022010 -> 0111010100100001001000100
001000000000110110100110100022010 -> 1001001001100000001000100
001101100000110110100110100022010 -> 1111100111100001101011100
001000100000100110100110100022010 -> 0111010100100001001000100
001100100000100110100110100022010 -> 0100011010100001001001100
001101100000110110100110100022010 -> 1111100111100001101011100
001100100000100110100110100022010 -> 0100011010100001001001100
001101100000110110100110100022010 -> 1111100111100001101011100
001022222010100110002001110002111 -> 2212221210101222221000101
001022222010110110002001110002111 -> 2212220211101222221000101
001122222010110110002001110002111 -> 2212221211101222221001101
001022222010100110002001110002111 -> 2212221210101222221000101
001122222010100110002001110002111 -> 2212220210101222221001101
001122222010110110002001110002111 -> 2212221211101222221001101
001122222010100110002001110002111 -> 2212220210101222221001101
001122222010110110002001110002111 -> 2212221211101222221001101
022200122000120110002220110022110 -> 1222222212100221001002221
022200122000120110002201110002111 -> 0212222212100221001002221
122200122000120110002201110002111 -> 1212222212100221001002220
022200122000120110002220110022110 -> 1222222212100221001002221
122200122000120110002220110022110 -> 0222222212100221001002220
122200122000120110002201110002111 -> 1212222212100221001002220
022200122000120110002220110002111 -> 0212222212100221001002221
122200122000120110002201110002111 -> 1212222212100221001002220
202212200202200020022222220022212 -> 2222212222222222222222222
202212200202210020022222220022212 -> 2222202221220002210022202
202212201202210020022222220022212 -> 2222212222222222222222222
202212200202200020022222220022212 -> 2222212222222222222222222
202212201202200020022222220022212 -> 2222202220220102210022202
202212201202210020022222220022212 -> 2222212222222222222222222
202212201202200020022222220022212 -> 2222202220220102210022202
202212201202210020022222220022212 -> 2222212222222222222222222
222122120022102122012212220022120 -> 2221222220122021221201222
222122121022102122012212220022120 -> 2220222220122121221201222
220220202121220222022222222022212 -> 2222022222212202022012022
220221202121220222022222222022212 -> 2222122222222222222222222
220220202121220222022222222022212 -> 2222022222212202022012022
220220212121220222022222222022212 -> 2222122222222222222222222
221221202020220222022222222022212 -> 2222022222202202122002122
221221202120220222022222222022212 -> 2222122222222222222222222
221221202020220222022222222022212 -> 2222022222202202122002122
221221202020221222022222222022212 -> 2222122222222222222222222
222122021022102022012212220022120 -> 2220222220122120220201222
222122121022102022012212220022120 -> 2221222220122121220201222
222122021022102022012212220022120 -> 2220222220122120220201222
222122021122102022012212220022120 -> 2221222220122120220211222
222222222222222200002222000022100 -> 2222222212222222222222222
222222222222222201002221000022100 -> 2222222202222222222222222
001100101110100111100010000022010 -> 0000100010101101001011100
222222222222222200002221000022100 -> 2222222212222222222222222
222222222222222200002222000022100 -> 2222222212222222222222222
222222222222222200012202000022100 -> 2222222202222222222222222
001100101001001010110010000022010 -> 0000000110010101000101100
222222222222222210002222000022100 -> 2222222202222222222222222
001100101101100110100010000022000 -> 0000000010110101001011100
222222222222222200102222000022100 -> 2222222202222222222222222
001100101000100010100010000022010 -> 1000011010101101000001100
222222222222222200002222000022100 -> 2222222212222222222222222
222222022222222210102202010012102 -> 2222222222222220222222222
222222222222222210102201010022110 -> 2222222212222222222222222
222222222222222210102211010022110 -> 2222222202222222222222222
222222022222222210102200010012111 -> 2222222212222220222222222
222222022222222210102201010022100 -> 2222222202222220222222222
222222222222222200002220000122110 -> 2222222212222222222222222
001122222000100110002111110022110 -> 2222221200100222221001100
101122222000100110002111110022110 -> 2222220200100222221001101
001100101122220110000201110002111 -> 2212222112222101001011101
101100101122220110000201110002111 -> 2212222012222101001011100
001100101122220110000201110002111 -> 2212222112222101001011101
001110101122220110000201110002111 -> 2212222012222101011011101
122200122000120110002201110002111 -> 1212222212100221001002220
122210122000120110002201110002111 -> 0212222212100221011002220
101122222100100110002101110022110 -> 2222220210100222221011100
001100101122220110001201110022110 -> 2212222012222101001011101
001100101122220110000201110002111 -> 2212222112222101001011101
001100101100100110001001000022010 -> 0100001110100101001011100
001100101100100110000001000022010 -> 0100001000100101001011100
222222221000100110102201001022110 -> 2122222210100022221002222
001122222000100110002101110022110 -> 2222220210100222221001101
001122222010100110002101110022110 -> 2222221210101222221001101
001100100000100110100110100022010 -> 0100011010100001001001100
001100100000100110100010100022010 -> 0100010000100001001001100
001122222010100110002101110022110 -> 2222221210101222221001101
001122222010100110002001110002111 -> 2212220210101222221001101
022200122000120110002220110022110 -> 1222222212100221001002221
022100111100120100000220110002111 -> 0212222212100111001011220
001100100000100110100010010022010 -> 0100010000100001001001100
001100100000100100100110010022010 -> 1100011000100001001001100
202212201202200020022222220022212 -> 2222202220220102210022202
202212201202200120022222220022212 -> 2222212222222222222222222
222122121022102022012212220022120 -> 2221222220122121220201222
100122222000100110002111110022110 -> 2222221200100222221001001
110122222000100110002111110022110 -> 2222220200100222221001011
100100101122220110000201110002111 -> 2212222112222101001011000
110100101122220110000201110002111 -> 2212222012222101001011010
001110001122220110000201110002111 -> 2212222112222100011011101
001111001122220110000201110002111 -> 2212222012222100111011101
122210022000120110002201110002111 -> 1212222212100220011002220
122211022000120110002201110002111 -> 0212222212100220111002220
122200122100120010002201110002111 -> 1212222212100221000012220
122200122100121010002201110002111 -> 0212222212100221000112220
101122222100100010002101110022110 -> 2222221210100222220011100
101122222100101010002101110022110 -> 2222220210100222220111100
001100100122220110001201110022110 -> 2212222112222001001011101
001100101122220110001201110022110 -> 2212222012222101001011101
001100100100110110000101000022010 -> 0100001111100001001011100
001100101100100110000001000022010 -> 0100001000100101001011100
222222221000000110102201001022110 -> 2022222210000022221002222
222222221001000110102201001022110 -> 2122222210010022221002222
001122222010000110002101110022110 -> 2222220210001222221001101
001122222011000110002101110022110 -> 2222221210011222221001101
001000100000100110100110100022010 -> 0111010100100001001000100
001000000000110110100110100022010 -> 1001001001100000001000100
001022222010100110002001110002111 -> 2212221210101222221000101
001022222010110110002001110002111 -> 2212220211101222221000101
202212200202200020022222220022212 -> 2222212222222222222222222
202212200202210020022222220022212 -> 2222202221220002210022202
222122120022102122012212220022120 -> 2221222220122021221201222
222122120022112122012212220022120 -> 2220222221122021221201222
222222222220222200002220110120121 -> 2122222212212222222222222
222222222220222201002201110120121 -> 2122222212202222222222222
222222022222222210102220010002121 -> 2212222212222221222222222
222222022222222210112202010002121 -> 2212222212222220222222222
222222022222222210102220010002121 -> 2212222212222221222222222
222222022222222210102211010002121 -> 2212222212222220222222222
222222022222222210102220010002100 -> 2222222202222220222222222
000101101110100110002201100102021 -> 0210022010101101101011000
222222022222222210102220010012121 -> 2222222212222220222222222
222222022222222210102201010002121 -> 2212222212222221222222222
222222022222222210102202010012102 -> 2222222222222220222222222
222222222222022200102220110020100 -> 2222222202022222222222222
100100101000101020102200110020021 -> 0120200210100101000101001
222222222222022200102202110021102 -> 2222222222022222222222222
202202201202200120022222220022212 -> 2222202220220102201022202
202212201202200120022222220022212 -> 2222212222222222222222222
202212211202200120022222220022212 -> 2222202220220112211022202
202212211202200120022222220022212 -> 2222202220220112211022202
202212201202200121022220220022220 -> 2222202220220102211022202
202212201202200120022222220022212 -> 2222212222222222222222222
202212201202201120022222220022212 -> 2222202220220102211122202
202212201202200121022220220022220 -> 2222202220220102211022202
202212201202201121022220220022220 -> 2222212222222222222222222
202212201202201120022222220022212 -> 2222202220220102211122202
202212201202200120022222220022212 -> 2222212222222222222222222
202212201202201120022222220022212 -> 2222202220220102211122202
220220202121220222022222222022212 -> 2222022222212202022012022
220221202121220222022222222022212 -> 2222122222222222222222222
220221212121220222022222222022212 -> 2222022222212212122012022
220220202121220222022222222022212 -> 2222022222212202022012022
221221202120221222022222222022212 -> 2222022222202202122112122
222122021022102022012212220022120 -> 2220222220122120220201222
222122121022102022012212220022120 -> 2221222220122121220201222
222122121122102022012212220022120 -> 2220222220122121220211222
222122021022102022012212220022120 -> 2220222220122120220201222
222122021122102022012212220022120 -> 2221222220122120220211222
222122121122102022012212220022120 -> 2220222220122121220211222
222122121022102022012212220022120 -> 2221222220122121220201222
222122121122102022012212220022120 -> 2220222220122121220211222
222222220222222210002220001020121 -> 2122222212222022222222222
222222220222222210102220001020121 -> 2122222212222122222222222
001000101122220110000211110002111 -> 2212222112222101001010100
001100101122220110000211110002111 -> 2212222012222101001011100
001100111122220110000211110002111 -> 2212222112222111001011100
001000101122220110000211110002111 -> 2212222112222101001010100
001000111122220110000211110002111 -> 2212222012222111001010100
001100111122220110000211110002111 -> 2212222112222111001011100
001100111122220110000211110002111 -> 2212222112222111001011100
001100101122220110000211110002111 -> 2212222012222101001011100
222222220000100110102201001022110 -> 2022222210100122221002222
222222221000100110102201001022110 -> 2122222210100022221002222
222222220000110110102201001022110 -> 2122222211100122221002222
222222221000110110102201001022110 -> 2022222211100022221002222
222222221000110110102201001022110 -> 2022222211100022221002222
222222221000100110102201001022110 -> 2122222210100022221002222
222122121022002022012212220022120 -> 2220222220022121220201222
222122121022102022012212220022120 -> 2221222220122121220201222
222122121022102022002221110002112 -> 2220222220122121220201222
222122121022002022012212220022120 -> 2220222220022121220201222
222122121022102022002221110002112 -> 2220222220122121220201222
222122121022102022012212220022120 -> 2221222220122121220201222
100122222000100110002111110022110 -> 2222221200100222221001001
110122222000100110002111110022110 -> 2222220200100222221001011
111122222000100110002111110022110 -> 2222221200100222221001111
100122222000100110002111110022110 -> 2222221200100222221001001
101122222000100110002111110022110 -> 2222220200100222221001101
100100101122220110000201110002111 -> 2212222112222101001011000
110100101122220110000201110002111 -> 2212222012222101001011010
111100101122220110000201110002111 -> 2212222112222101001011110
100100101122220110000201110002111 -> 2212222112222101001011000
101100101122220110000201110002111 -> 2212222012222101001011100
111100101122220110000201110002111 -> 2212222112222101001011110
101100101122220110000201110002111 -> 2212222012222101001011100
111100101122220110000201110002111 -> 2212222112222101001011110
001110001122220110000201110002111 -> 2212222112222100011011101
001111001122220110000201110002111 -> 2212222012222100111011101
001111101122220110000201110002111 -> 2212222112222101111011101
001110001122220110000201110002111 -> 2212222112222100011011101
001110101122220110000201110002111 -> 2212222012222101011011101
001111101122220110000201110002111 -> 2212222112222101111011101
001110101122220110000201110002111 -> 2212222012222101011011101
001111101122220110000201110002111 -> 2212222112222101111011101
122210022000120110002201110002111 -> 1212222212100220011002220
122211022000120110002201110002111 -> 0212222212100220111002220
122211122000120110002201110002111 -> 1212222212100221111002220
122210022000120110002201110002111 -> 1212222212100220011002220
122210122000120110002201110002111 -> 0212222212100221011002220
122211122000120110002201110002111 -> 1212222212100221111002220
122210122000120110002201110002111 -> 0212222212100221011002220
122211122000120110002201110002111 -> 1212222212100221111002220
122200122100120010002201110002111 -> 1212222212100221000012220
122200122100121010002201110002111 -> 0212222212100221000112220
122200122100121110002201110002111 -> 1212222212100221001112220
122200122100120010002201110002111 -> 1212222212100221000012220
122200122100120110002201110002111 -> 0212222212100221001012220
122200122100121110002201110002111 -> 1212222212100221001112220
122200122100120110002201110002111 -> 0212222212100221001012220
122200122100121110002201110002111 -> 1212222212100221001112220
101122222100100010002101110022110 -> 2222221210100222220011100
101122222100101010002101110022110 -> 2222220210100222220111100
101122222100101110002101110022110 -> 2222221210100222221111100
101122222100100010002101110022110 -> 2222221210100222220011100
101122222100100110002101110022110 -> 2222220210100222221011100
101122222100101110002101110022110 -> 2222221210100222221111100
101122222100100110002101110022110 -> 2222220210100222221011100
101122222100101110002101110022110 -> 2222221210100222221111100
222222221000100110102201001022110 -> 2122222210100022221002222
222222221001100110102201001022110 -> 2022222210110022221002222
001122222010000110002101110022110 -> 2222220210001222221001101
001122222011000110002101110022110 -> 2222221210011222221001101
001122222011100110002101110022110 -> 2222220210111222221001101
001122222010000110002101110022110 -> 2222220210001222221001101
001122222010100110002101110022110 -> 2222221210101222221001101
001122222011100110002101110022110 -> 2222220210111222221001101
001122222010100110002101110022110 -> 2222221210101222221001101
001122222011100110002101110022110 -> 2222220210111222221001101
001000100000100110100110100022010 -> 0111010100100001001000100
001000000000110110100110100022010 -> 1001001001100000001000100
001101100000110110100110100022010 -> 1111100111100001101011100
001000100000100110100110100022010 -> 0111010100100001001000100
001100100000100110100110100022010 -> 0100011010100001001001100
001101100000110110100110100022010 -> 1111100111100001101011100
001100100000100110100110100022010 -> 0100011010100001001001100
001101100000110110100110100022010 -> 1111100111100001101011100
001022222010100110002001110002111 -> 2212221210101222221000101
001022222010110110002001110002111 -> 2212220211101222221000101
001122222010110110002001110002111 -> 2212221211101222221001101
001022222010100110002001110002111 -> 2212221210101222221000101
001122222010100110002001110002111 -> 2212220210101222221001101
001122222010110110002001110002111 -> 2212221211101222221001101
001122222010100110002001110002111 -> 2212220210101222221001101
001122222010110110002001110002111 -> 2212221211101222221001101
022200122000120110002220110022110 -> 1222222212100221001002221
022200122000120110002201110002111 -> 0212222212100221001002221
122200122000120110002201110002111 -> 1212222212100221001002220
022200122000120110002220110022110 -> 1222222212100221001002221
122200122000120110002220110022110 -> 0222222212100221001002220
122200122000120110002201110002111 -> 1212222212100221001002220
022200122000120110002220110002111 -> 0212222212100221001002221
122200122000120110002201110002111 -> 1212222212100221001002220
202212200202200020022222220022212 -> 2222212222222222222222222
202212200202210020022222220022212 -> 2222202221220002210022202
202212201202210020022222220022212 -> 2222212222222222222222222
202212200202200020022222220022212 -> 2222212222222222222222222
202212201202200020022222220022212 -> 2222202220220102210022202
202212201202210020022222220022212 -> 2222212222222222222222222
202212201202200020022222220022212 -> 2222202220220102210022202
202212201202210020022222220022212 -> 2222212222222222222222222
222122120022102122012212220022120 -> 2221222220122021221201222
222122120022112122012212220022120 -> 2220222221122021221201222
222122121022112122012212220022120 -> 2221222221122121221201222
222122120022102122012212220022120 -> 2221222220122021221201222
222122121022102122012212220022120 -> 2220222220122121221201222
222122121022112122012212220022120 -> 2221222221122121221201222
222122121022102122012212220022120 -> 2220222220122121221201222
222122121022112122012212220022120 -> 2221222221122121221201222
001100111122220110000201110002111 -> 2212222012222111001011101
001100101122220110000201110002111 -> 2212222112222101001011101
001100112222222210002201110022110 -> 2202222212222211002221101
001100102222222210002201110022110 -> 2212222212222201002221101
001100100000100110100010010022010 -> 0100010000100001001001100
001100100000100100100110010022010 -> 1100011000100001001001100
111100100000100100100012010022000 -> 0100000000100001001001111
001100100000100110100010010022010 -> 0100010000100001001001100
111100100000100110100010010022000 -> 1100000010100001001001111
202212201202200120022222220022212 -> 2222212222222222222222222
202212201202200120022222220022212 -> 2222212222222222222222222
221221202120220222022222222022212 -> 2222122222222222222222222
221221202121220222022222222022212 -> 2222022222212202122012122
221221202121220222022222222022212 -> 2222022222212202122012122
220221202121220222022222222022212 -> 2222122222222222222222222
222022121022102022012212220022120 -> 2220222220122121220200222
222122121022102022012212220022120 -> 2221222220122121220201222
222122121122102022012212220022120 -> 2220222220122121220211222
222022121022102022012212220022120 -> 2220222220122121220200222
222022121122102022012212220022120 -> 2221222220122121220210222
222122121122102022012212220022120 -> 2220222220122121220211222
222022121022102022012212220022120 -> 2220222220122121220200222
222122121022102022012212220022120 -> 2221222220122121220201222
011122222000100110002111110022110 -> 2222220200100222221001110
111122222000100110002111110022110 -> 2222221200100222221001111
101122222000100110002111110022110 -> 2222220200100222221001101
001122222000100110002111110022110 -> 2222221200100222221001100
001100101122220110000201110002111 -> 2212222112222101001011101
001110101122220110000201110002111 -> 2212222012222101011011101
001111101122220110000201110002111 -> 2212222112222101111011101
001100101122220110000201110002111 -> 2212222112222101001011101
001101101122220110000201110002111 -> 2212222012222101101011101
001111101122220110000201110002111 -> 2212222112222101111011101
001110101122220110000201110002111 -> 2212222012222101011011101
001100101122220110000201110002111 -> 2212222112222101001011101
122200122000120110002201110002111 -> 1212222212100221001002220
122200122100120110002201110002111 -> 0212222212100221001012220
122200122100121110002201110002111 -> 1212222212100221001112220
122200122000120110002201110002111 -> 1212222212100221001002220
122200122000121110002201110002111 -> 0212222212100221001102220
122200122100121110002201110002111 -> 1212222212100221001112220
122200122100120110002201110002111 -> 0212222212100221001012220
122200122000120110002201110002111 -> 1212222212100221001002220
001100100000100110100110100022010 -> 0100011010100001001001100
001100100000100110100010100022010 -> 0100010000100001001001100
001101100000110110100010100022010 -> 1011101101100001101001100
001100100000100110100110100022010 -> 0100011010100001001001100
001101100000110110100110100022010 -> 1111100111100001101011100
001101100000110110100010100022010 -> 1011101101100001101001100
001100100000100110100010100022010 -> 0100010000100001001001100
001100100000100110100110100022010 -> 0100011010100001001001100
222222221000100110102201001022110 -> 2122222210100022221002222
202212201202200020022222220022212 -> 2222202220220102210022202
001100101122220110000201110002111 -> 2212222112222101001011101
101100101122220110000201110002111 -> 2212222012222101001011100
111100101122220110000201110002111 -> 2212222112222101001011110
001100101122220110000201110002111 -> 2212222112222101001011101
011100101122220110000201110002111 -> 2212222012222101001011111
111100101122220110000201110002111 -> 2212222112222101001011110
001100101122220110000201110002111 -> 2212222112222101001011101
101100101122220110000201110002111 -> 2212222012222101001011100
101122222000100110002101110022110 -> 2222221210100222221001100
101122222100100110002101110022110 -> 2222220210100222221011100
001122222000100110002101110022110 -> 2222220210100222221001101
001122222010100110002101110022110 -> 2222221210101222221001101
122200122000120110002201110002111 -> 1212222212100221001002220
122210122000120110002201110002111 -> 0212222212100221011002220
122211122000120110002201110002111 -> 1212222212100221111002220
122200122000120110002201110002111 -> 1212222212100221001002220
122201122000120110002201110002111 -> 0212222212100221101002220
122211122000120110002201110002111 -> 1212222212100221111002220
122200122000120110002201110002111 -> 1212222212100221001002220
122210122000120110002201110002111 -> 0212222212100221011002220
001122222010100110002101110022110 -> 2222221210101222221001101
001122222010100110002001110002111 -> 2212220210101222221001101
001122222010110110002001110002111 -> 2212221211101222221001101
001122222010100110002101110022110 -> 2222221210101222221001101
001122222010110110002101110022110 -> 2222220211101222221001101
001122222010110110002001110002111 -> 2212221211101222221001101
001122222010100110002101110022110 -> 2222221210101222221001101
001122222010100110002001110002111 -> 2212220210101222221001101
222122121022102122012212220022120 -> 2220222220122121221201222
122200122100120110002211110002111 -> 1212222212100221001012221
122200122000120110002211110002111 -> 0212222212100221001002221
221221202121220222022222222022212 -> 2222022222212202122012122
221221202120220210002221110002111 -> 2212122212202202122012122
220221202120220210002221110002111 -> 2212022212202202122012022
221221202121220222022222222022212 -> 2222022222212202122012122
220221202121220210002221110002111 -> 2212122212212202122012022
220221202120220210002221110002111 -> 2212022212202202122012022
221221202120220210002221110002111 -> 2212122212202202122012122
220221202120220210002221110002111 -> 2212022212202202122012022
001110101122220110000201110002111 -> 2212222012222101011011101
001100101122220110000201110002111 -> 2212222112222101001011101
001110102222222210002201110022110 -> 2202222212222201012221101
001100102222222210002201110022110 -> 2212222212222201002221101
001100101122220110001201110022110 -> 2212222012222101001011101
001100101022220110001201110022110 -> 2212222112222101001001101
001100101100100110000001000022010 -> 0100001000100101001011100
001100101011110110000101000022010 -> 1100000111111101001001100
101122222000100110002101110022110 -> 2222221210100222221001100
001122222000100110002101110022110 -> 2222220210100222221001101
101100100010100100100010100022010 -> 1000000110101001001001100
001100100010100110100010100022010 -> 1000001010101001001001100
001122222000100110002111110022110 -> 2222221200100222221001100
001122222010100110002111110022110 -> 2222220200101222221001100
101122222000100110002111110022110 -> 2222220200100222221001101
101122222100100110002111110022110 -> 2222221200100222221011101
122200122000120110002201110002111 -> 1212222212100221001002220
122210122000120110002201110002111 -> 0212222212100221011002220
111100100000100100100012010022000 -> 0100000000100001001001111
101110100000100100100112010022000 -> 1100000010100001011001101
001100101122220110000201110002111 -> 2212222112222101001011101
101100101122220110000201110002111 -> 2212222012222101001011100
001100102222222210002201110022110 -> 2212222212222201002221101
101100102222222210002201110022110 -> 2202222212222201002221100
222222221000100110102201001022110 -> 2122222210100022221002222
222222221100100110102201001022110 -> 2022222210100022221012222
122200122100120110002201110002111 -> 0212222212100221001012220
122200122110120110002201110002111 -> 1212222212101221001012220
101110101100100100000120010022010 -> 0000011010101101011011101
101110101110100100000122010022000 -> 1000000010101101011011101
202212201202200020022222220022212 -> 2222202220220102210022202
122200122100120110002201110002111 -> 0212222212100221001012220
122200122000120110002201110002111 -> 1212222212100221001002220
101110101100100100000120010022010 -> 0000011010101101011011101
101110100000100100100112010022000 -> 1100000010100001011001101
001122222000100110002101110022110 -> 2222220210100222221001101
001122222010100110002101110022110 -> 2222221210101222221001101
001100100000100110100010100022010 -> 0100010000100001001001100
001100100010100110100010100022010 -> 1000001010101001001001100
222022121022102010012211110022110 -> 2220222200122121220200222
222122121022102010012211110022110 -> 2221222200122121220201222
222122121022102122012212220022120 -> 2220222220122121221201222
222022121022102010012211110022110 -> 2220222200122121220200222
222022121022102110012211110022110 -> 2221222200122121221200222
222122121022102122012212220022120 -> 2220222220122121221201222
222122121022102010012211110022110 -> 2221222200122121220201222
222122121022102122012212220022120 -> 2220222220122121221201222
101122222000100110002101110022110 -> 2222221210100222221001100
101122222100100110002101110022110 -> 2222220210100222221011100
101100100010100100100010100022010 -> 1000000110101001001001100
101100000110100100100010100022010 -> 1110101110101000101011101
121101201120200210100011110022010 -> 2222022220202102102011121
221221202120220210002221110002111 -> 2212122212202202122012122
220221202120220210002221110002111 -> 2212022212202202122012022
121101201120200210100011110022010 -> 2222022220202102102011121
120101201120200110100011110022010 -> 2222122200202102101011021
220221202120220210002221110002111 -> 2212022212202202122012022
221221202120220222022221110002112 -> 2222122222202202122012122
221221202120220222122212220022020 -> 2222022222202202122012122
001100100122220110001201110022110 -> 2212222112222001001011101
001100101122220110001201110022110 -> 2212222012222101001011101
001100101022220110001201110022110 -> 2212222112222101001001101
001100100122220110001201110022110 -> 2212222112222001001011101
001100100022220110001201110022110 -> 2212222012222001001001101
001100101022220110001201110022110 -> 2212222112222101001001101
001100101122220110001201110022110 -> 2212222012222101001011101
001100100122220110001201110022110 -> 2212222112222001001011101
001100100100110110000101000022010 -> 0100001111100001001011100
001100101100100110000001000022010 -> 0100001000100101001011100
001100101011110110000101000022010 -> 1100000111111101001001100
001100100100110110000101000022010 -> 0100001111100001001011100
001100100011100110000001000022010 -> 1100000000111001001001100
001100101011110110000101000022010 -> 1100000111111101001001100
001100101100100110000001000022010 -> 0100001000100101001011100
001100100100110110000101000022010 -> 0100001111100001001011100
001110101122220110000201110002111 -> 2212222012222101011011101
001100101122220110000201110002111 -> 2212222112222101001011101
101100101122220110000201110002111 -> 2212222012222101001011100
001110101122220110000201110002111 -> 2212222012222101011011101
101110101122220110000201110002111 -> 2212222112222101011011100
101100101122220110000201110002111 -> 2212222012222101001011100
001100101122220110000201110002111 -> 2212222112222101001011101
101100101122220110000201110002111 -> 2212222012222101001011100
001110102222222210002201110022110 -> 2202222212222201012221101
001100102222222210002201110022110 -> 2212222212222201002221101
101100102222222210002201110022110 -> 2202222212222201002221100
001110102222222210002201110022110 -> 2202222212222201012221101
101110102222222210002201110022110 -> 2212222212222201012221100
101100102222222210002201110022110 -> 2202222212222201002221100
001100102222222210002201110022110 -> 2212222212222201002221101
101100102222222210002201110022110 -> 2202222212222201002221100
222222221010100110102201001022110 -> 2022222210101022221002222
222222221000100110102201001022110 -> 2122222210100022221002222
222222221100100110102201001022110 -> 2022222210100022221012222
222222221010100110102201001022110 -> 2022222210101022221002222
222222221110100110102201001022110 -> 2122222210101022221012222
222222221100100110102201001022110 -> 2022222210100022221012222
222222221000100110102201001022110 -> 2122222210100022221002222
222222221010100110102201001022110 -> 2022222210101022221002222
212212201202200110002221110002111 -> 2212202210220102211022212
202212201202200110002221110002111 -> 2212212210220102211022202
202212201202200010002221110002111 -> 2212202210220102210022202
212212201202200110002221110002111 -> 2212202210220102211022212
212212201202200010002221110002111 -> 2212212210220102210022212
202212201202200010002221110002111 -> 2212202210220102210022202
202212201202200110002221110002111 -> 2212212210220102211022202
212212201202200120022222220022212 -> 2222202220220102211022212
222222222222222200002222000122100 -> 2222222202222222222222222
001101001100100010000020000122010 -> 0000110100100100100011100
221221202120220200002222000122100 -> 2222122202202202122012122
001101101100110010100110000122010 -> 1110000001100101100011100
122200122010120110002201110002111 -> 0212222212101221001002220
101110101100100100000120010022010 -> 0000011010101101011011101
101110100000100100100112010022000 -> 1100000010100001011001101
101110100010100100100110010022010 -> 0100011010100001011001101
101110101100100100000120010022010 -> 0000011010101101011011101
101110101110100100000122010022000 -> 1000000010101101011011101
101110100010100100100110010022010 -> 0100011010100001011001101
101110100000100100100112010022000 -> 1100000010100001011001101
101110100010100100100110010022010 -> 0100011010100001011001101
221221202120220222022221110002112 -> 2222122222202202122012122
221221202120220222122212220122020 -> 2222022222222222222222222
222122121022102010002201110002111 -> 2210222210122121220201222
222122121022002010012211110002111 -> 2211222210022121220201222
101122222000100110002101110022110 -> 2222221210100222221001100
101122222100100110002101110022110 -> 2222220210100222221011100
001122222100100110002101110022110 -> 2222221210100222221011101
101122222000100110002101110022110 -> 2222221210100222221001100
001122222000100110002101110022110 -> 2222220210100222221001101
001122222100100110002101110022110 -> 2222221210100222221011101
001122222000100110002101110022110 -> 2222220210100222221001101
101122222000100110002101110022110 -> 2222221210100222221001100
101100100010100100100010100022010 -> 1000000110101001001001100
101100000110100100100010100022010 -> 1110101110101000101011101
001100000110100110100010100022010 -> 1010100010111000001011100
101100100010100100100010100022010 -> 1000000110101001001001100
001100100010100110100010100022010 -> 1000001010101001001001100
001100000110100110100010100022010 -> 1010100010111000001011100
001100100010100110100010100022010 -> 1000001010101001001001100
101100100010100100100010100022010 -> 1000000110101001001001100
222222222222222200002222001022100 -> 2222222202222222222222222
000111101100100110100010001022010 -> 1100110110100101011011000
202212201202200100002222001022100 -> 2222212200220102211022202
010111101100100110100010001022010 -> 1100101000100101111011010
202212201202200110002221110002111 -> 2212212210220102211022202
212212201202200112002221111002112 -> 2222202220220102211022212
222220222222222210002220010102121 -> 2212222212222222122222222
111011001100100100010101100122010 -> 0100101010100100111010111
222222222222222200002222000122100 -> 2222222202222222222222222
001101001110110110000120000122000 -> 0100100011101100101011100
001100101122220110001201110022110 -> 2212222012222101001011101
001100101122220110000201110002111 -> 2212222112222101001011101
001100100122220110000201110002111 -> 2212222012222001001011101
001100101122220110001201110022110 -> 2212222012222101001011101
001100100122220110001201110022110 -> 2212222112222001001011101
001100100122220110000201110002111 -> 2212222012222001001011101
001100101122220110000201110002111 -> 2212222112222101001011101
001100101122220110001201110022110 -> 2212222012222101001011101
001100111122220110000201110002111 -> 2212222012222111001011101
001100101122220110000201110002111 -> 2212222112222101001011101
101100101122220110000201110002111 -> 2212222012222101001011100
001100111122220110000201110002111 -> 2212222012222111001011101
101100111122220110000201110002111 -> 2212222112222111001011100
101100101122220110000201110002111 -> 2212222012222101001011100
001100101122220110000201110002111 -> 2212222112222101001011101
001100111122220110000201110002111 -> 2212222012222111001011101
222222222222222200102222000022100 -> 2222222202222222222222222
001101101010100010110010000022010 -> 1011100100101101100001100
222122121022102000112210000022110 -> 2221222200122121220201222
000100101000100010100000000022010 -> 1110010100100101000001000
001100101100100110001001000022010 -> 0100001110100101001011100
001100101100100110000001000022010 -> 0100001000100101001011100
001100100100110110000101000022010 -> 0100001111100001001011100
001100101100100110001001000022010 -> 0100001110100101001011100
001100100100110110001101000022010 -> 0100001001100001001011100
001100100100110110000101000022010 -> 0100001111100001001011100
001100101100100110001001000022010 -> 0100001110100101001011100
001100101100100110000001000022010 -> 0100001000100101001011100
222122121022112010012211110002111 -> 2211222211122121220201222
222122121022102012102221110002112 -> 2220222220122121220201222
222222222202222200002220111020121 -> 2122222212221222222222222
101011101100100100101110011022010 -> 1101010100100101111010101
222222222222222200002222001022100 -> 2222222202222222222222222
000100001000101110100010001022000 -> 0100010010100100001101000
122200122000120110002201110002111 -> 1212222212100221001002220
122210122000120110002201110002111 -> 0212222212100221011002220
122210122010120110002201110002111 -> 1212222212101221011002220
122200122000120110002201110002111 -> 1212222212100221001002220
122200122010120110002201110002111 -> 0212222212101221001002220
122210122010120110002201110002111 -> 1212222212101221011002220
122210122000120110002201110002111 -> 0212222212100221011002220
122200122000120110002201110002111 -> 1212222212100221001002220
001100101100100110001001000022010 -> 0100001110100101001011100
001100111111100110001001000022010 -> 0110001000111111001011100
111100100000100100100012010022000 -> 0100000000100001001001111
101110100000100100100112010022000 -> 1100000010100001011001101
101110100010100100100110010022010 -> 0100011010100001011001101
111100100000100100100012010022000 -> 0100000000100001001001111
111100100010100100100110010022010 -> 1000010010101001001001111
101110100010100100100110010022010 -> 0100011010100001011001101
111100101001100000100010010022010 -> 0000100000110101000001111
101110100000100100100112010022000 -> 1100000010100001011001101
222222220222222210102220001020121 -> 2122222212222122222222222
111100111000101000111010100022010 -> 0001000110100111000100111
222222222222222200102222000022100 -> 2222222202222222222222222
001100101010100010110010000022000 -> 0001000000101101000001100
001100101122220110000201110002111 -> 2212222112222101001011101
001100111122220110000201110002111 -> 2212222012222111001011101
001122222000100110002101110022110 -> 2222220210100222221001101
001122222010100110002101110022110 -> 2222221210101222221001101
101122222010100110002101110022110 -> 2222220210101222221001100
001122222000100110002101110022110 -> 2222220210100222221001101
101122222000100110002101110022110 -> 2222221210100222221001100

List of Undetected Faults:
Gate [3086] (AND) - input0 ([5873]), S_A_1
Gate [6165] (NAND)- input1 ([4358]), S_A_1
Gate [6147] (OR)  - input0 ([4089]), S_A_0
Gate [4370] (NAND)- input0 ([5942]), S_A_1
Gate [2860] (AND) - input0 ([5990]), S_A_1
Gate [3182] (AND) - input0 ([5990]), S_A_1
Gate [3099] (NOR) - input1 (881(747)), S_A_0
Gate [4367] (NAND)- input0 ([5930]), S_A_1
Gate [2863] (AND) - input0 ([5984]), S_A_1
Gate [5990] (OR)  - output, S_A_1
Gate [4290] (NAND)- input0 ([5930]), S_A_1
Gate [4183] (OR)  - input0 ([4071]), S_A_0
Gate [5922] (OR)  - input1 ([4273]), S_A_0
Gate [5920] (OR)  - input1 ([4269]), S_A_0
Gate 881(747) (NOR) - output, S_A_0
Gate 881(747) (NOR) - input1 ([4264]), S_A_0
Gate 879(746) (NOR) - input1 ([4261]), S_A_0
Gate [5914] (OR)  - input1 ([4256]), S_A_0
Gate [4331] (OR)  - output, S_A_1
Gate [4331] (OR)  - input0 ([4071]), S_A_0
Gate [5930] (OR)  - output, S_A_1
Gate [4272] (OR)  - input0 ([4160]), S_A_0
Gate [4263] (OR)  - output, S_A_1
Gate [4260] (OR)  - input1 ([4259]), S_A_0
Gate [4330] (OR)  - output, S_A_1
Gate [4285] (OR)  - output, S_A_1
Gate [4164] (OR)  - input0 ([4898]), S_A_0
Gate [4168] (OR)  - input0 ([4898]), S_A_0
Gate [4179] (OR)  - input0 ([4154]), S_A_0
Gate [4193] (OR)  - input1 ([4192]), S_A_0
Gate [4195] (OR)  - input0 ([4898]), S_A_0
Gate [4205] (OR)  - input0 ([4154]), S_A_0
Gate [4209] (OR)  - input0 ([4154]), S_A_0
Gate [4273] (OR)  - output, S_A_0
Gate [4273] (OR)  - input1 ([4243]), S_A_0
Gate [4273] (OR)  - input0 ([4108]), S_A_0
Gate [4271] (OR)  - input0 ([4192]), S_A_0
Gate [4269] (OR)  - output, S_A_0
Gate [4269] (OR)  - input1 ([4243]), S_A_0
Gate [4269] (OR)  - input0 ([4108]), S_A_0
Gate [4267] (OR)  - input0 ([4213]), S_A_0
Gate [4264] (OR)  - output, S_A_1
Gate [4264] (OR)  - output, S_A_0
Gate [4264] (OR)  - input1 ([4243]), S_A_0
Gate [4264] (OR)  - input0 ([4108]), S_A_0
Gate [4262] (OR)  - output, S_A_1
Gate [4261] (OR)  - output, S_A_0
Gate [4261] (OR)  - input1 ([4243]), S_A_0
Gate [4261] (OR)  - input0 ([4163]), S_A_0
Gate [4259] (OR)  - output, S_A_0
Gate [4259] (OR)  - input1 ([4213]), S_A_0
Gate [4259] (OR)  - input0 ([4192]), S_A_0
Gate [4256] (OR)  - output, S_A_0
Gate [4256] (OR)  - input1 ([4243]), S_A_0
Gate [4256] (OR)  - input0 ([4157]), S_A_0
Gate [4332] (OR)  - output, S_A_1
Gate [4323] (OR)  - input0 ([4925]), S_A_0
Gate [4313] (OR)  - input0 ([4154]), S_A_0
Gate [4310] (OR)  - input0 ([4154]), S_A_0
Gate [4304] (OR)  - input0 ([4154]), S_A_0
Gate [4295] (OR)  - input0 ([4898]), S_A_0
Gate [4294] (OR)  - input1 ([4192]), S_A_0
Gate [4287] (OR)  - input0 ([4898]), S_A_0
Gate [4286] (OR)  - output, S_A_1
Gate [4284] (OR)  - output, S_A_1
Gate [4284] (OR)  - input0 ([4898]), S_A_0
Gate [4277] (OR)  - input1 ([4108]), S_A_0
Gate [4270] (NAND)- input0 ([4887]), S_A_1
Gate [4266] (NAND)- input0 ([4874]), S_A_1
Gate 534(710) (AND) - input1 ([5623]), S_A_1
Gate [5623] (OR)  - output, S_A_1
Gate [5491] (OR)  - input0 ([4878]), S_A_0
Gate [5469] (NAND)- input0 ([4122]), S_A_1
Gate [4874] (INV) - output, S_A_1
Gate [2969] (AND) - input0 (902(30)), S_A_1
Gate [4887] (INV) - output, S_A_1
Gate [4243] (NAND)- input1 ([3179]), S_A_1
Gate 459(200) (AND) - input0 ([4808]), S_A_1
Gate [3179] (AND) - output, S_A_1
Gate [3179] (AND) - input1 (952(31)), S_A_1
Gate [3179] (AND) - input0 ([4047]), S_A_1
Gate [3089] (AND) - input1 (952(31)), S_A_1
Gate 457(205) (AND) - input0 ([4812]), S_A_1
Gate [4175] (NAND)- input0 ([4816]), S_A_1
Gate [2987] (AND) - input0 (902(30)), S_A_1

Total Number of Faults = 2662
Number of Undetected Faults = 85
Fault Coverage = 96.8%

