110001020222222222222222222222222222 -> 1111111
010001020222222222222222222222222222 -> 1110111
000001020222222222222222222222222222 -> 1111111
111220222022202220222022202220222022 -> 0000200
012121000102022221020222222222222222 -> 0112111
111210122012201220122012201220122012 -> 0000000
200121122022202220222022202220222022 -> 2222200
012220212102002220222222222222222222 -> 2202221
201101121012201220122012201220122012 -> 1111000
200220012112202220222022202220222022 -> 0222200
012220212101010200222220210202222222 -> 2102111
012220212100010200222220210202222222 -> 1012111
201200110112101220122012201220122012 -> 0111000
200220022021211220222022202220222022 -> 2022200
012220212102002121020222222222222222 -> 2202221
012220212102002021020222222222222222 -> 2012111
201200120011211210122012201220122012 -> 1011000
200220022022202121122022202220222022 -> 0022200
012220222022202220212102002220222022 -> 0000221
012220222022202220202102002220222022 -> 1102111
201200120012201121121012201220122012 -> 0011000
200220022022202220212112202220222022 -> 2202200
012220212102002220222021210202222222 -> 2002221
201200120012201220112112101220122012 -> 1101000
200220022022202220222021211220222022 -> 0202200
012220222022202220222022202121020022 -> 0000221
012220222022202220222022202021020022 -> 1002111
201200120012201220122011211210122012 -> 0101000
200220022022202220222022202121122022 -> 2002200
011220222022202220222022202220212100 -> 0000201
011220222022202220222022202220202100 -> 0001111
201200120012201220122012201121121012 -> 1001000
200220022022202220222022202220212112 -> 0002200
201200120012201220122012201220112111 -> 0001000
202220202122202220222022202220222022 -> 0222221
202220222020212220222022202220222022 -> 2022221
202220222022202021222022202220222022 -> 0022221
202220222022202220202122202220222022 -> 2202221
202220222022202220222020212220222022 -> 0202221
202220222022202220222022202021222022 -> 2002221
202220222022202220222022202220202122 -> 0002221
111001121022202220222022202220222022 -> 1111001
011111120022202220222022202220222022 -> 0000001
011210212112002220222022202220222022 -> 0000001
011210222021211200222022202220222022 -> 0000001
011210222022202121120022202220222022 -> 0000001
011210222022202220212112002220222022 -> 0000001
011210222022202220222021211200222022 -> 0000001
011210222022202220222022202121120022 -> 0000001
110021122212221222122212221222122212 -> 2222201
011121022212221222122212221222122212 -> 2222201
011222112102221222122212221222122212 -> 2222201
011222122211210222122212221222122212 -> 2222201
011222122212221121022212221222122212 -> 2222201
011222122212221222112102221222122212 -> 2222201
011222122212221222122211210222122212 -> 2222201
011222122212221222122212221121022212 -> 2222201
111101021012101210121012101210121011 -> 1111010
110111120012101210121012101210121011 -> 0000010
110210111112001210121012101210121011 -> 0000010
110210121011111200121012101210121011 -> 0000010
110210121012101111120012101210121011 -> 0000010
110210121012101210111112001210121011 -> 0000010
110210121012101210121011111200121011 -> 0000010
110210121012101210121012101111120011 -> 0000010
110210121012101210121012101210111110 -> 0000010
011212121212121212121212121212111120 -> 2220001
201101111112001220121012201220122012 -> 0111100
110101020022202220222022202220222022 -> 1110110
011001120212221222122212221222122212 -> 1110101
010011021222122212221222122212221221 -> 1110011
202220222022202220222022202220222000 -> 0000000
222220202100010202222222222222222222 -> 0112111
222220222022202021000102022222222222 -> 2012111
222220222020210200202102022222222222 -> 1012111
222220202102002220202102022222222222 -> 0112111
222220222022202021020220210202222222 -> 0012111
222220222022202021020220210001020222 -> 0012111
222220202102002222222222202021020222 -> 0112111
201200112112101121120012201220122012 -> 0011100
201200122011211210122011211200122012 -> 0101100
201200122012201121121012201121120012 -> 1001100
201200122012201220112111111200122012 -> 0101100
201200122012201121120012201121121012 -> 0011100
111111120012201220122012201220122012 -> 1111100

List of Undetected Faults:
Gate [654] (OR)  - input0 ([1156]), S_A_0
Gate [1135] (NAND)- input0 ([148]), S_A_1
Gate [145] (AND) - input0 ([1117]), S_A_1
Gate [169] (AND) - input0 ([1121]), S_A_1
Gate [1117] (NAND)- output, S_A_1
Gate [1121] (NAND)- output, S_A_1
Gate [256] (NOR) - input1 (353GAT(155)), S_A_0
Gate [260] (NOR) - input1 (351GAT(157)), S_A_0
Gate [264] (NOR) - input1 (348GAT(160)), S_A_0
Gate 353GAT(155) (AND) - output, S_A_0
Gate 351GAT(157) (AND) - output, S_A_0
Gate 348GAT(160) (AND) - output, S_A_0
Gate [148] (AND) - output, S_A_1
Gate [148] (AND) - input1 ([1054]), S_A_1
Gate [148] (AND) - input0 ([922]), S_A_1
Gate [1060] (NAND)- input0 ([1188]), S_A_1
Gate [1056] (NAND)- input1 ([1186]), S_A_1
Gate [1068] (NAND)- output, S_A_0
Gate [1068] (NAND)- input1 ([1198]), S_A_1
Gate [1068] (NAND)- input0 ([1196]), S_A_1
Gate [1064] (NAND)- input0 ([1192]), S_A_1
Gate [1076] (NAND)- output, S_A_0
Gate [1076] (NAND)- input1 ([1206]), S_A_1
Gate [1076] (NAND)- input0 ([1204]), S_A_1
Gate [1072] (NAND)- input0 ([1200]), S_A_1
Gate [1088] (NAND)- output, S_A_0
Gate [1088] (NAND)- input1 ([1218]), S_A_1
Gate [1088] (NAND)- input0 ([1216]), S_A_1
Gate [1084] (NAND)- input0 ([1212]), S_A_1
Gate 332GAT(147) (NOR) - input0 ([64]), S_A_0
Gate [1054] (NAND)- output, S_A_1
Gate [1190] (OR)  - input1 ([974]), S_A_0
Gate [1188] (NAND)- output, S_A_1
Gate [1188] (NAND)- input0 (329GAT(133)), S_A_1
Gate [1186] (OR)  - output, S_A_1
Gate [1186] (OR)  - input1 ([968]), S_A_0
Gate [1184] (NAND)- input0 (329GAT(133)), S_A_1
Gate [1198] (OR)  - output, S_A_1
Gate [1198] (OR)  - input1 ([986]), S_A_0
Gate [1196] (NAND)- output, S_A_1
Gate [1196] (NAND)- input0 (329GAT(133)), S_A_1
Gate [1194] (OR)  - input1 ([980]), S_A_0
Gate [1192] (NAND)- output, S_A_1
Gate [1192] (NAND)- input0 (329GAT(133)), S_A_1
Gate [1206] (OR)  - output, S_A_1
Gate [1206] (OR)  - input1 ([998]), S_A_0
Gate [1204] (NAND)- output, S_A_1
Gate [1204] (NAND)- input0 (329GAT(133)), S_A_1
Gate [1202] (OR)  - input1 ([992]), S_A_0
Gate [1200] (NAND)- output, S_A_1
Gate [1200] (NAND)- input0 (329GAT(133)), S_A_1
Gate [1218] (OR)  - output, S_A_1
Gate [1218] (OR)  - input1 ([1016]), S_A_0
Gate [1216] (NAND)- output, S_A_1
Gate [1216] (NAND)- input0 (329GAT(133)), S_A_1
Gate [1214] (OR)  - input1 ([1010]), S_A_0
Gate [1212] (NAND)- output, S_A_1
Gate [1212] (NAND)- input0 (329GAT(133)), S_A_1
Gate [65] (NOR) - input1 ([1004]), S_A_0
Gate [64] (AND) - output, S_A_0
Gate [64] (AND) - input0 (329GAT(133)), S_A_1
Gate [567] (NAND)- input1 ([384]), S_A_1
Gate [582] (NAND)- input0 ([380]), S_A_1
Gate [389] (AND) - input0 ([551]), S_A_1
Gate [974] (INV) - output, S_A_0
Gate [986] (INV) - output, S_A_0
Gate [980] (INV) - output, S_A_0
Gate [998] (INV) - output, S_A_0
Gate [992] (INV) - output, S_A_0
Gate [1016] (INV) - output, S_A_0
Gate [1010] (INV) - output, S_A_0
Gate [1004] (INV) - output, S_A_0
Gate [377] (AND) - input1 ([580]), S_A_1
Gate [380] (AND) - output, S_A_1
Gate [380] (AND) - input1 ([573]), S_A_1
Gate [380] (AND) - input0 ([570]), S_A_1
Gate [384] (AND) - output, S_A_1
Gate [384] (AND) - input1 ([565]), S_A_1
Gate [384] (AND) - input0 ([562]), S_A_1
Gate 292GAT(109) (AND) - output, S_A_0
Gate 290GAT(113) (AND) - output, S_A_0
Gate 263GAT(119) (AND) - output, S_A_0
Gate [580] (NAND)- output, S_A_1
Gate [573] (NAND)- output, S_A_1
Gate [570] (NAND)- output, S_A_1
Gate [565] (NAND)- output, S_A_1
Gate [562] (NAND)- output, S_A_1
Gate [551] (NAND)- output, S_A_1
Gate [924] (NAND)- input0 ([1224]), S_A_1
Gate [919] (NAND)- input1 ([1222]), S_A_1
Gate [934] (NAND)- output, S_A_0
Gate [934] (NAND)- input1 ([1234]), S_A_1
Gate [934] (NAND)- input0 ([1232]), S_A_1
Gate [929] (NAND)- input0 ([1228]), S_A_1
Gate [944] (NAND)- output, S_A_0
Gate [944] (NAND)- input1 ([1242]), S_A_1
Gate [944] (NAND)- input0 ([1240]), S_A_1
Gate [939] (NAND)- input0 ([1236]), S_A_1
Gate [959] (NAND)- input0 ([1252]), S_A_1
Gate [954] (NAND)- input0 ([1248]), S_A_1
Gate [949] (NAND)- input0 ([1244]), S_A_1
Gate [922] (NAND)- output, S_A_1
Gate [1226] (OR)  - input1 ([825]), S_A_0
Gate [1224] (NAND)- output, S_A_1
Gate [1224] (NAND)- input0 (223GAT(84)), S_A_1
Gate [1222] (OR)  - output, S_A_1
Gate [1222] (OR)  - input1 ([817]), S_A_0
Gate [1220] (NAND)- input0 (223GAT(84)), S_A_1
Gate [1234] (OR)  - output, S_A_1
Gate [1234] (OR)  - input1 ([841]), S_A_0
Gate [1232] (NAND)- output, S_A_1
Gate [1232] (NAND)- input0 (223GAT(84)), S_A_1
Gate [1230] (OR)  - input1 ([833]), S_A_0
Gate [1228] (NAND)- output, S_A_1
Gate [1228] (NAND)- input0 (223GAT(84)), S_A_1
Gate [1242] (OR)  - output, S_A_1
Gate [1242] (OR)  - input1 ([857]), S_A_0
Gate [1240] (NAND)- output, S_A_1
Gate [1240] (NAND)- input0 (223GAT(84)), S_A_1
Gate [1238] (OR)  - input1 ([849]), S_A_0
Gate [1236] (NAND)- output, S_A_1
Gate [1236] (NAND)- input0 (223GAT(84)), S_A_1
Gate [1254] (OR)  - input1 ([881]), S_A_0
Gate [1252] (NAND)- output, S_A_1
Gate [1252] (NAND)- input0 (223GAT(84)), S_A_1
Gate [1250] (OR)  - input1 ([873]), S_A_0
Gate [1248] (NAND)- output, S_A_1
Gate [1248] (NAND)- input0 (223GAT(84)), S_A_1
Gate [1246] (OR)  - input1 ([865]), S_A_0
Gate [1244] (NAND)- output, S_A_1
Gate [1244] (NAND)- input0 (223GAT(84)), S_A_1
Gate [825] (INV) - output, S_A_0
Gate [841] (INV) - output, S_A_0
Gate [833] (INV) - output, S_A_0
Gate [857] (INV) - output, S_A_0
Gate [849] (INV) - output, S_A_0
Gate [881] (INV) - output, S_A_0
Gate [873] (INV) - output, S_A_0
Gate [865] (INV) - output, S_A_0
Gate 196GAT(57) (NOR) - input1 ([545]), S_A_0
Gate 192GAT(63) (NOR) - output, S_A_0
Gate 192GAT(63) (NOR) - input1 ([538]), S_A_0
Gate 194GAT(60) (NOR) - input1 ([535]), S_A_0
Gate 188GAT(69) (NOR) - output, S_A_0
Gate 188GAT(69) (NOR) - input1 ([530]), S_A_0
Gate 190GAT(66) (NOR) - input1 ([527]), S_A_0
Gate 158GAT(78) (NOR) - output, S_A_0
Gate 186GAT(72) (NOR) - input1 ([516]), S_A_0
Gate 195GAT(58) (NOR) - output, S_A_0
Gate 195GAT(58) (NOR) - input1 ([545]), S_A_0
Gate 191GAT(64) (NOR) - output, S_A_0
Gate 191GAT(64) (NOR) - input1 ([538]), S_A_0
Gate 193GAT(61) (NOR) - output, S_A_0
Gate 193GAT(61) (NOR) - input1 ([535]), S_A_0
Gate 187GAT(70) (NOR) - output, S_A_0
Gate 187GAT(70) (NOR) - input1 ([530]), S_A_0
Gate 189GAT(67) (NOR) - output, S_A_0
Gate 189GAT(67) (NOR) - input1 ([527]), S_A_0
Gate 185GAT(73) (NOR) - output, S_A_0
Gate 185GAT(73) (NOR) - input1 ([516]), S_A_0
Gate [546] (OR)  - input1 ([545]), S_A_0
Gate [543] (OR)  - input1 ([542]), S_A_0
Gate [539] (OR)  - input1 ([538]), S_A_0
Gate [536] (OR)  - input1 ([535]), S_A_0
Gate [531] (OR)  - input1 ([530]), S_A_0
Gate [528] (OR)  - input1 ([527]), S_A_0
Gate [523] (OR)  - input1 ([522]), S_A_0
Gate [520] (OR)  - input1 ([519]), S_A_0
Gate [517] (OR)  - input1 ([516]), S_A_0
Gate [545] (INV) - output, S_A_0
Gate [542] (INV) - output, S_A_0
Gate [538] (INV) - output, S_A_0
Gate [535] (INV) - output, S_A_0
Gate [530] (INV) - output, S_A_0
Gate [527] (INV) - output, S_A_0
Gate [522] (INV) - output, S_A_0
Gate [519] (INV) - output, S_A_0
Gate [516] (INV) - output, S_A_0
Gate 79GAT(24) (PI)  - output, S_A_1
Gate 99GAT(30) (PI)  - output, S_A_1
Gate 73GAT(22) (PI)  - output, S_A_1
Gate 95GAT(29) (PI)  - output, S_A_1
Gate 108GAT(33) (PI)  - output, S_A_1
Gate 69GAT(21) (PI)  - output, S_A_1
Gate 82GAT(25) (PI)  - output, S_A_1
Gate 43GAT(13) (PI)  - output, S_A_1
Gate 56GAT(17) (PI)  - output, S_A_1
Gate 17GAT(5) (PI)  - output, S_A_1
Gate 30GAT(9) (PI)  - output, S_A_1

Total Number of Faults = 998
Number of Undetected Faults = 189
Fault Coverage = 81.0%

