00000000000000000000000000000000000000000 -> 11111111111111111111111111111111
11111111111111111111111111111111111111111 -> 11111111111111111111111111111111
00000000000000000000100000000000000000001 -> 11111111111111111111111111111110
00000000000000000000100000000000212222220 -> 11111111111111111111111111111110
00000000000000000000000000000100221222220 -> 11111111111111111111111111111111
00010000000000000000000000000000000000002 -> 11111111111111111111111111111111
00000000000100000000000000000000000000002 -> 11111111111111111111111111111111
00000000000000000000000001000000222122220 -> 11111111111111111111111111111111
00000000000000001000000000000000000000002 -> 11111111111111111111111111111110
00000000000000000000000010000000000000002 -> 11111111111111111111111111111111
00000000000010000000000000000000222212220 -> 11111111111111111111111111111110
00001000000000000000000000000000222221220 -> 11111111111111111111111111111110
00000000000000000001000000000000000000002 -> 11111111111111111111111111111110
00000000000000000000000000010000000000002 -> 11111111111111111111111111111111
00000000010000000000000000000000222222210 -> 11111111111111111111111111111111
00000011000000001010000000000000000000002 -> 10111011111111111111111111111111
00000011000000000101000000000000000000002 -> 11111111111111111111111111111111
10100000000000000000001100000000000000002 -> 10111011111110111111111111111111
01100000010001000000000000000000000000002 -> 11111111111111111111111111111111
01010000000000000000001100000000000000002 -> 10111011111110111111111111111111
00000000000000000000000000001000100000001 -> 11111111111111111111111111111110
00000000000000000000100000000000010000001 -> 11111111111111111111111111111110
00000000000000000000000000000100001000001 -> 11111111111111111111111111111111
00000000000000000000000001000000000100001 -> 11111111111111111111111111111111
00000000000010000000000000000000000010001 -> 11111111111111111111111111111110
00001000000000000000000000000000000001001 -> 11111111111111111111111111111110
00000000010000000000000000000000000000011 -> 11111111111111111111111111111111
00000010100000000000101100100000000000002 -> 11111111111111111111111111111111
10000000000000000000000001020002022200022 -> 21112111211121111111111111112221
00000000000000000000000001020002022200022 -> 21112111211221121111111111112221
01000000000000000102000200000000202200022 -> 21112111211121111111111111112212
00100000000000000000010200000002220200022 -> 21112111211121111111111111112122
00010000000000000102000000020000222000022 -> 11112111211121111111111111111222
00001000000000000000000001200020022200202 -> 22112211221122111111111111112220
00000100000000000120002000000000202200202 -> 22112211121112111111111111112212
00000010000000000000012000000020220200202 -> 12112211221122111111111111112122
00000001000000000120000000200000222000202 -> 12112211221122111111111111111222
00000000100000000000000010020002022200022 -> 21112111211121111111111111112220
00000000010000001002000200000000202200022 -> 21112111211121111111111111112212
00000000001000000000100200000002220200022 -> 21112111211121111111111111112122
00000000000100001002000000020000222000022 -> 11112111211121111111111111111222
00000000000010000000000010200020022200202 -> 22112211221122111111111111112220
00000000000001001020002000000000202200202 -> 22112211121112111111111111112212
00000000000000100000102000000020220200202 -> 12112211221122111111111111112122
00000000000000011020000000200000222000202 -> 12112211221122111111111111111222
00000102000000020010000000000000000222022 -> 22221011101111112211221122112122
01020000000200000001000000000000000222202 -> 12221211121112112211221122112112
00000120000000200000001000000000002022022 -> 22221011111110112211221122111222
01200000002000000000000100000000002022202 -> 12221211121112112211221122111212
00001002000000020000000000100000000222022 -> 22221111101110112211221122112122
10020000000200000000000000010000000222202 -> 12221211121112112211221122112121
00000000102000200000000000001000002002222 -> 22211211121112111211121111111210
10200020000000000000000000000100002020222 -> 22121211121112112211111122111211
00001020000000200000000000000010002022022 -> 21221011101110112211221122111222
10200000002000000000000000000001002022202 -> 12221211121112112211221122111221
00000000000001000000000000000000000000002 -> 11111111111111111111111111111111
00000000000000100000000000000000000000002 -> 11111111111111111111111111111111
00000100000000001000000000001000000000002 -> 11111111111111111111111111111110
00000000000000000100000000000000000000002 -> 11111111111111111111111111111110
00000000000000000010000000000000000000002 -> 10111011101111111111111111111110
00000100000000000001000000000001000000002 -> 11111111111111111111111111111110
00000100000000000000100000001000000000002 -> 11111111111111111111111111111110
00000000000000000000001000000000000000002 -> 10111011111110111111111111111110
00000100000000000000000100000001000000002 -> 11111111111111111111111111111110
00001000000000000000100010000000000000002 -> 11111111111111111111111111111111
00000000000000000000000000100000000000002 -> 10111111101110111111111111111111
00001000000000000000000100010000000000002 -> 11111111111111111111111111111111
00000000000000000000000000000100000000002 -> 11111111111111111111111111111111
00000000000000000000000000000010000000002 -> 11111011101110111111111111111111
10000000000010000000010000000000000000002 -> 11111111111111111111111111111111
01000000000000000000000000000000000000002 -> 11111111111111111111111111111111
00100000000000000000000000000000000000002 -> 11111111111111111111111111111111
00010000000000010000010000000000000000002 -> 11111111111111111111111111111110
00001000000010000000010000000000000000002 -> 11111111111111111111111111111110
00000100000000000000000000000000000000002 -> 11111111111111111111111111111111
00000010000000000000000000000000000000002 -> 11111111111111111111111111111111
00000001000000010000010000000000000000002 -> 11111111111111111111111111111110
00001000100000000000100000000000000000002 -> 11111111111111111111111111111110
00000000010000000000000000000000000000002 -> 11111111111111111111111111111111
00000000001000000000000000000000000000002 -> 11111111111111111111111111111111
00000001000100000000100000000000000000002 -> 11111111111111111111111111111110
00000001010000000000101100100000000000002 -> 11111111111111111111111111111110
00000001100000000000011100100000000000002 -> 11111111111111111111111111111111
00000001001000000000101100100000000000002 -> 11111111111111111111111111111110
00000111001000000000001001000000000000002 -> 10111011111110111111111111111110
00001011001000000000001010000000000000002 -> 10111011111110111111111111111111
00001011001000000000000100100000000000002 -> 10111111101110111111111111111111
00000000000001101110010000000100001000001 -> 10111011101111111111111111111111
00000001000001101011000110000000000000002 -> 10111011111111111111111111111111
11100100000001000000000000000110000000101 -> 11111111111111111111111111111111
10110001100000000000000100000110000000002 -> 11111011101110111111111111111111
00000001000000000000000000000000000000002 -> 11111111111111111111111111111111
00000000000000010000000000000000000000002 -> 11111111111111111111111111111111
00000000000000000000000100000000000000002 -> 11111111111111111111111111111110
00000000000000000000000000000001000000002 -> 11111111111111111111111111111111
00100010112222011000021111000211100100011 -> 11221211112212211222221121222122
22222222000010011010220100102211022222222 -> 11222122122221211221222222222222
02220012200012011000222011002211012220012 -> 11222211222222211221222221222222
00110010000010011010001001002201011110010 -> 11221111112211211111111111111121
20221220120220012002222222002221221221220 -> 12222222222222221222222122212222
20221220120220012002222222002221220221220 -> 12222222222222221222222122212222
22122120212022022202222222202221222122120 -> 12222222222222222222221222122122
22202212102210202201221222002212022212212 -> 21222222212212222221222121222222
22212212102200202201221222002212022212212 -> 21222222212212222222222121221222
22212212102200202201221222002212022212212 -> 21222222212212222222222121221222
22212212102200202201221222002211122212212 -> 11222222212212222222222121221222
22212212102200202200221122002222022222222 -> 22222222112222222222222121221222
22222222220222220000222011002012122222222 -> 21222211222222222222222222222222
22222022222222221000222001000212122222022 -> 21222212222222212222222222222222
00110011222221222022022222221222100110011 -> 22212222222222222212222211221122
00110011222221222222022222221222100110011 -> 22212222222222222212222211221122
00110011222222222222022222221222100110011 -> 22212222222222222222222211221122
00110010222222221000120111000211000110010 -> 11222211122122212222222221221122
22222222100011012222202222222122122222222 -> 22122222222222221211222122222222
22222222100010011010200100102211010012222 -> 11222122122221211221222122222222
10112222200010011000211111002211010010010 -> 11222211111222211111111222221121
10110010112222011000020111000211100111000 -> 11222211122222211222221121221121
00111010112222011000020111000211112221002 -> 11222211122222211122221111111122
12221012200012011000220111000211112220012 -> 11222211122222211221222221212221
12220012210012011000220111000211110112222 -> 11222211122222211221221221222221
10112222210010011000210111002211022222222 -> 11222211121222211221221222221121
22222222100010011010220100102211000112222 -> 11222122122221211221222122222222
00112222201010011000210111002211000100010 -> 11222211121222211111111222221122
00110010000010011010011010002201000102222 -> 12221211211221211221222121211122
00112222201010011000200111000211120220220 -> 11222211122222211111111222221122
20221220120220012002222222002221220220220 -> 12222222222222221222222122212222
22212212002210212201221222002212022212212 -> 21222222212212221221222221221222
22022020212122022202222222202221222022120 -> 12222222222222222222121222222222
22022020212122022202222222202221222022021 -> 12222222222222222222121222222222
22122120202022022202222222202221222122120 -> 12222222222222222222222222122122
22122120202022022202222222202221222122120 -> 12222222222222222222222222122122
22212202102210202201221222002212022212212 -> 21222222212212222221222122221222
22212202102210202201221222002212022212202 -> 21222222212212222221222122221222
22222222222222220000222200002210022222222 -> 21222222222222222222222222222222
00110010111010011110001000002201022222222 -> 12221211212221111221211121221121
22222222222222220000222200002210022222222 -> 21222222222222222222222222222222
00110010100100101011001000002201022222222 -> 12222222212211212121122121211122
00110010110110011010001000002200022222222 -> 22222222212221211221121121211122
00110010100010001010001000002201022222222 -> 12222222212221212221222121211122
22222202222222221010220201001210222222222 -> 21212212222221212222222222222222
00112222200010011000211111002211010112222 -> 11222211111222211221222222221122
00110010112222011000020111000211110110010 -> 11212211122122211122221111111122
00110010112222011000020111000211100111010 -> 11212211122122211122221111111122
12220012200012011000220111000211112221012 -> 11222211122222211221222221222221
10112222210010011000210111002211000110010 -> 11222211121222211111111222221121
00110010112222011000020111000211100110010 -> 11212211122122211122221111111122
00110010110010011000000100002201022222222 -> 12221211122222211221221121221121
00112222200010011000210111002211000112222 -> 11222211121222211221222222221122
00110010000010011010011010002201000110010 -> 11221111111111111111111111111120
00112222201010011000210111002211000112222 -> 11222211121222211221212222221122
02220012200012011000222011002211002210011 -> 11222211222222211121111221112222
00110010000010011010001001002201000110010 -> 11221111112211211111111111111121
20221220120220002002222222002221220221220 -> 12222222222222222222222122212222
22212212102210202201221222002212010012222 -> 21222222212212222221222121221222
11012222200010011000211111002211010010010 -> 11222211111222211111111222221211
11010010112222011000020111000211100111000 -> 11222211122222211222221121221211
00111100112222011000020111000211112221002 -> 11222211122222211122221111111122
12221102200012011000220111000211112220012 -> 11222211122222211221222222112221
12220012210012101000220111000211110112222 -> 11222211122222212121221221222221
10112222210010101000210111002211000110010 -> 11222211121222211111111222221121
00110010112222011000120111002211000110010 -> 11222211122122211222221121221122
00110010110010011000000100002201022222222 -> 12221211122222211221221121221121
22222222100100011010220100102211000112222 -> 11222122122221211222122122222222
00112222201100011000210111002211000100010 -> 11222211121222211222112222221122
00100000000011011010011010002201000102222 -> 12222221211221211111111111112120
00102222201011011000200111000211120221220 -> 11222211122222211211212222222122
20221220020221002002222222002221222212212 -> 12222222222222222212222222212222
22212212002211212201221222002212022222222 -> 21222222212212221211222221221222
22222222222022220100220111012012122222202 -> 21221211122222122222222222222222
00010110111010011000220110010202122222202 -> 22221221122222211221211121121222
20221220120220012002222222002221220221221 -> 12222222222222221222222122212222
22022120212122022202222222202221222022121 -> 12222222222222222222121222122222
22022020212122022202222222202221222122120 -> 12222222222222222222121222222222
22212212102210202201221222002212022212212 -> 21222222212212222221222121221222
00100010112222011000021111000211100110010 -> 11222211112222211222221121222122
00110011112222011000021111000211100100010 -> 11222111112221211122221111111122
10012222200010011000211111002211011012222 -> 11222211111222211221222222221221
11112222200010011000211111002211010012222 -> 11222211111222211221222222221111
10112222200010011000211111002211010010010 -> 11222211111222211111111222221121
11010010112222011000020111000211111110010 -> 11222211122222211222221121221211
10010010112222011000020111000211110110010 -> 11212211122122211122221111111221
11110010112222011000020111000211110110010 -> 11212211122122211122221111111111
11110010112222011000020111000211100111000 -> 11212211122122211122221111111111
00111100112222011000020111000211100111110 -> 11222211122222211122221111111122
00111000112222011000020111000211100111010 -> 11212211122122211122221111111122
00111110112222011000020111000211100111010 -> 11212211122122211122221111111122
00111110112222011000020111000211112221002 -> 11212211122122211122221111111122
12221102200012011000220111000211112221112 -> 11222211122222211221222222112221
12221002200012011000220111000211112221012 -> 11222211122222211221222222212221
12221112200012011000220111000211112221012 -> 11222211122222211221222221112221
12220012210012101000220111000211112220012 -> 11222211122222212121221221222221
10112222210010101000210111002211010112222 -> 11222211121222212121221222221121
22222222100110011010220100102211000112222 -> 11222122122221211221122122222222
00112222201100011000210111002211000112222 -> 11222211121222211222112222221122
00100000000011011010011010002201000110110 -> 11221121111111111111111111111120
00100010000010011010011010002201000110010 -> 11221111111111111111111111111120
00110110000011011010011010002201000102222 -> 12221211211221211211222121111122
00102222201011011000200111000211100112222 -> 11222211122222211211212222222122
02220012200012011000220111000211112220012 -> 11222211122222211221222221222222
02220012200012011000222011002211012220012 -> 11222211222222211221222221222222
12220012200012011000220111000211102220012 -> 11222211122222211221222221222221
12220012200012011000220111000211120221220 -> 11222211122222211221222221222221
20221220020221002002222222002221220221220 -> 12222222222222222212222222212222
22212212002211212201221222002212022212212 -> 21222222212212221211222221221222
22212212002210212201221222002212022212212 -> 21222222212212221221222221221222
22212212102211212201221222002212022212212 -> 21222222212212221211222121221222
22212212102211212201221222002212000110011 -> 21222222212212221211222121221222
00110010112222011000020111000211100110011 -> 11211211122112211122221111111122
00110010222222221000220111002211000110010 -> 11222211122222212222222221221122
00110010000010010010011001002201011110010 -> 11221111111111221111111111111121
00110010000010011010001001002201011110010 -> 11221111112211211111111111111121
20221220120220012002222222002221220221220 -> 12222222222222221222222122212222
22122120212122022202222222202221222022120 -> 12222222222222222222121222122122
22202212102210202201221222002212022212212 -> 21222222212212222221222121222222
22212212112210202201221222002212022202212 -> 21222222212212222221221121221222
01112222200010011000211111002211011112222 -> 11222211111222211221222222221112
10112222200010011000211111002211000112222 -> 11222211111222211221222222221121
00110010112222011000020111000211100111010 -> 11212211122122211122221111111122
00111110112222011000020111000211100110010 -> 11212211122122211122221111111122
00110110112222011000020111000211100111110 -> 11222211122222211122221111111122
00111010112222011000020111000211100110010 -> 11222211122222211122221111111122
12220012210012011000220111000211112220012 -> 11222211122222211221221221222221
00110010000010011010011010002201000110010 -> 11221111111111111111111111111120
22222222100010011010220100102211020221220 -> 11222122122221211111111122222222
00110010112222011000020111000211110110010 -> 11212211122122211122221111111122
11110010112222011000020111000211100110010 -> 11212211122122211122221111111111
01110010112222011000020111000211111110010 -> 11222211122222211222221121221112
00110010112222011000020111000211110110010 -> 11212211122122211122221111111122
10112222200010011000210111002211010112222 -> 11222211121222211221222222221121
00112222200010011000210111002211000112222 -> 11222211121222211221222222221122
12220012200012011000220111000211112221012 -> 11222211122222211221222221222221
12221112200012011000220111000211112220012 -> 11222211122222211221222221112221
12220112200012011000220111000211112221112 -> 11222211122222211221222221122221
12220012200012011000220111000211112221012 -> 11222211122222211221222221222221
00112222201010011000210111002211000112222 -> 11222211121222211221212222221122
22212212102210212201221222002212012220012 -> 21222222212212221221222121221222
12220012200012011000221111000211122122120 -> 11222211112222211221222221222221
22122120212022021000222111000211122022120 -> 11222211122222212222221222122122
22122120212122022202222222202221222022120 -> 12222222222222222222121222122122
22022120212022021000222111000211100111010 -> 11222211122222212222221222122222
00110010112222011000020111000211100111010 -> 11212211122122211122221111111122
00110010222222221000220111002211000110010 -> 11222211122222212222222221221122
00110010102222011000120111002211000110010 -> 11222211122122211222222121221122
00110010101111011000010100002201010112222 -> 12222222121222211111111111111120
00112222200010011000210111002211010110010 -> 11222211121222211111111222221122
00110010001010011010001010002201000112222 -> 12221211212221211121212221221121
00112222201010011000211111002211010112222 -> 11222211111222211221212222221122
10112222210010011000211111002211012220012 -> 11222211111222211221221222221121
12221012200012011000220111000211111110010 -> 11222211122222211221222221212221
10111010000010010010011201002200000110010 -> 21221111211221221111111111111121
22222222110010011010220100102211012220012 -> 11222122122221211221221122222222
12220012211012011000220111000211110111010 -> 11222211122222211221211221222221
10111010111010010000012201002200020221220 -> 12222212221222221121211121211121
12220012210012011000220111000211112220012 -> 11222211122222211221221221222221
10111010110010010000012001002201010111010 -> 12221211121212221221221121211121
00112222200010011000210111002211000112222 -> 11222211121222211221222222221122
00110010000010011010001010002201000110010 -> 11221111112211211111111111111121
22202212102210201001221111002211022212212 -> 11222211112212212221222121222222
22212212102210212201221222002212022202212 -> 21222222212212221221222121221222
10112222200010011000210111002211010112222 -> 11222211121222211221222222221121
10110010001010010010001010002201010110000 -> 11221111112211221111111111111121
12110120112020021010001111002201022122120 -> 12222211112221212222221122121121
22022120212022021000222111000211112110120 -> 11222211122222212222221222122222
00110010110010011000000100002201000110010 -> 11221111112221211111111111111121
00111010112222011000020111000211100110010 -> 11222211122222211122221111111122
10110010112222011000020111000211100111010 -> 11222211122222211222221121221121
10111010112222011000020111000211110110010 -> 11212211122122211122221111111121
00110010112222011000020111000211110110010 -> 11212211122122211122221111111122
00110010222222221000220111002211010110010 -> 11222211122222212222222221221122
22222222101010011010220100102211022222222 -> 11222122122221211221212122222222
21221220120220011000222111000211120221220 -> 11222211122222211222222122212212
20221220120220001000222111000211121221220 -> 11222211122222212222222122212222
21221220120220001000222111000211120221220 -> 11222211122222212222222122212212
20221220120220011000222111000211121221220 -> 11222211122222211222222122212222
22222222222222220000222200012210000110100 -> 21221222222222222222222222222222
22122120212022020000222200012210000110110 -> 21221222222222222222221222122122
12220012201012011000220111000211110111010 -> 11222211122222211221212221222221
10111010000010010010011201002200010111010 -> 21221111211221221111111111111121
10111010110010010000012001002201010111010 -> 12221211121212221221221121211121
10111010001010010010011001002201010111010 -> 11221111111211221111111111111121
10111010001010010010011001002201022122120 -> 11221111111211221111111111111121
00000000000000000000010000000000000000101 -> 10111011101110111111111111111110
00000000000000000000010000000000000000100 -> 11111111111111111111111111111110
10000000000000000000000000000000000000002 -> 11111111111111111111111111111111
00000000100000000000000000000000000000002 -> 11111111111111111111111111111110
00000000000000000000000000001000122222220 -> 11111111111111111111111111111111

List of Undetected Faults:
Gate OD1(241) (PO)  - input0 (OD1(241)), S_A_1
Gate OD2(240) (PO)  - input0 (OD2(240)), S_A_1
Gate OD3(239) (PO)  - input0 (OD3(239)), S_A_1
Gate OD4(238) (PO)  - input0 (OD4(238)), S_A_1
Gate OD5(237) (PO)  - input0 (OD5(237)), S_A_1
Gate OD6(236) (PO)  - input0 (OD6(236)), S_A_1
Gate OD7(235) (PO)  - input0 (OD7(235)), S_A_1
Gate OD8(234) (PO)  - input0 (OD8(234)), S_A_1
Gate OD9(233) (PO)  - input0 (OD9(233)), S_A_1
Gate OD10(232) (PO)  - input0 (OD10(232)), S_A_1
Gate OD11(231) (PO)  - input0 (OD11(231)), S_A_1
Gate OD12(230) (PO)  - input0 (OD12(230)), S_A_1
Gate OD13(229) (PO)  - input0 (OD13(229)), S_A_1
Gate OD14(228) (PO)  - input0 (OD14(228)), S_A_1
Gate OD15(227) (PO)  - input0 (OD15(227)), S_A_1
Gate OD16(226) (PO)  - input0 (OD16(226)), S_A_1
Gate OD17(225) (PO)  - input0 (OD17(225)), S_A_1
Gate OD19(223) (PO)  - input0 (OD19(223)), S_A_1
Gate OD20(222) (PO)  - input0 (OD20(222)), S_A_1
Gate OD21(221) (PO)  - input0 (OD21(221)), S_A_1
Gate OD23(219) (PO)  - input0 (OD23(219)), S_A_1
Gate OD24(218) (PO)  - input0 (OD24(218)), S_A_1
Gate OD25(217) (PO)  - input0 (OD25(217)), S_A_1
Gate OD27(215) (PO)  - input0 (OD27(215)), S_A_1
Gate OD28(214) (PO)  - input0 (OD28(214)), S_A_1
Gate OD29(213) (PO)  - input0 (OD29(213)), S_A_1
Gate OD31(211) (PO)  - input0 (OD31(211)), S_A_1
Gate OD0(242) (NAND)- input0 ([2348]), S_A_1
Gate OD1(241) (OR)  - output, S_A_1
Gate OD2(240) (OR)  - output, S_A_1
Gate OD3(239) (OR)  - output, S_A_1
Gate OD4(238) (OR)  - output, S_A_1
Gate OD5(237) (OR)  - output, S_A_1
Gate OD6(236) (OR)  - output, S_A_1
Gate OD7(235) (OR)  - output, S_A_1
Gate OD8(234) (OR)  - output, S_A_1
Gate OD9(233) (OR)  - output, S_A_1
Gate OD10(232) (OR)  - output, S_A_1
Gate OD11(231) (OR)  - output, S_A_1
Gate OD12(230) (OR)  - output, S_A_1
Gate OD13(229) (OR)  - output, S_A_1
Gate OD14(228) (OR)  - output, S_A_1
Gate OD15(227) (OR)  - output, S_A_1
Gate OD16(226) (OR)  - output, S_A_1
Gate OD17(225) (OR)  - output, S_A_1
Gate OD18(224) (NAND)- input0 ([2276]), S_A_1
Gate OD19(223) (OR)  - output, S_A_1
Gate OD20(222) (OR)  - output, S_A_1
Gate OD21(221) (OR)  - output, S_A_1
Gate OD22(220) (NAND)- input0 ([2260]), S_A_1
Gate OD23(219) (OR)  - output, S_A_1
Gate OD24(218) (OR)  - output, S_A_1
Gate OD25(217) (OR)  - output, S_A_1
Gate OD26(216) (NAND)- input0 ([2244]), S_A_1
Gate OD27(215) (OR)  - output, S_A_1
Gate OD28(214) (OR)  - output, S_A_1
Gate OD29(213) (OR)  - output, S_A_1
Gate OD30(212) (NAND)- input0 ([2228]), S_A_1
Gate OD31(211) (OR)  - output, S_A_1
Gate [2348] (NAND)- output, S_A_1
Gate [2348] (NAND)- input1 (ID0(0)), S_A_1
Gate [2348] (NAND)- input0 ([1272]), S_A_1
Gate [2346] (OR)  - output, S_A_1
Gate [2346] (OR)  - input0 (ID1(1)), S_A_0
Gate [129] (NOR) - output, S_A_1
Gate [129] (NOR) - input1 (E1(203)), S_A_0
Gate [129] (NOR) - input0 (ID1(1)), S_A_0
Gate [2342] (OR)  - output, S_A_1
Gate [127] (NOR) - output, S_A_1
Gate [127] (NOR) - input1 (E2(199)), S_A_0
Gate [127] (NOR) - input0 (ID2(2)), S_A_0
Gate [2338] (OR)  - output, S_A_1
Gate [125] (NOR) - output, S_A_1
Gate [125] (NOR) - input1 (E3(195)), S_A_0
Gate [125] (NOR) - input0 (ID3(3)), S_A_0
Gate [2334] (OR)  - output, S_A_1
Gate [2334] (OR)  - input1 (E4(208)), S_A_0
Gate [123] (NOR) - output, S_A_1
Gate [123] (NOR) - input1 (E4(208)), S_A_0
Gate [123] (NOR) - input0 (ID4(4)), S_A_0
Gate [2330] (OR)  - output, S_A_1
Gate [2330] (OR)  - input1 (E5(204)), S_A_0
Gate [121] (NOR) - output, S_A_1
Gate [121] (NOR) - input1 (E5(204)), S_A_0
Gate [121] (NOR) - input0 (ID5(5)), S_A_0
Gate [2326] (OR)  - output, S_A_1
Gate [2326] (OR)  - input1 (E6(200)), S_A_0
Gate [119] (NOR) - output, S_A_1
Gate [119] (NOR) - input1 (E6(200)), S_A_0
Gate [119] (NOR) - input0 (ID6(6)), S_A_0
Gate [2322] (OR)  - output, S_A_1
Gate [2322] (OR)  - input1 (E7(196)), S_A_0
Gate [117] (NOR) - output, S_A_1
Gate [117] (NOR) - input1 (E7(196)), S_A_0
Gate [117] (NOR) - input0 (ID7(7)), S_A_0
Gate [2318] (OR)  - output, S_A_1
Gate [2318] (OR)  - input1 (E8(209)), S_A_0
Gate [115] (NOR) - output, S_A_1
Gate [115] (NOR) - input1 (E8(209)), S_A_0
Gate [115] (NOR) - input0 (ID8(8)), S_A_0
Gate [2314] (OR)  - output, S_A_1
Gate [2314] (OR)  - input1 (E9(205)), S_A_0
Gate [113] (NOR) - output, S_A_1
Gate [113] (NOR) - input1 (E9(205)), S_A_0
Gate [113] (NOR) - input0 (ID9(9)), S_A_0
Gate [2310] (OR)  - output, S_A_1
Gate [2310] (OR)  - input1 (E10(201)), S_A_0
Gate [111] (NOR) - output, S_A_1
Gate [111] (NOR) - input1 (E10(201)), S_A_0
Gate [111] (NOR) - input0 (ID10(10)), S_A_0
Gate [2306] (OR)  - output, S_A_1
Gate [2306] (OR)  - input1 (E11(197)), S_A_0
Gate [109] (NOR) - output, S_A_1
Gate [109] (NOR) - input1 (E11(197)), S_A_0
Gate [109] (NOR) - input0 (ID11(11)), S_A_0
Gate [2302] (OR)  - output, S_A_1
Gate [2302] (OR)  - input1 (E12(210)), S_A_0
Gate [107] (NOR) - output, S_A_1
Gate [107] (NOR) - input1 (E12(210)), S_A_0
Gate [107] (NOR) - input0 (ID12(12)), S_A_0
Gate [2298] (OR)  - output, S_A_1
Gate [2298] (OR)  - input1 (E13(206)), S_A_0
Gate [105] (NOR) - output, S_A_1
Gate [105] (NOR) - input1 (E13(206)), S_A_0
Gate [105] (NOR) - input0 (ID13(13)), S_A_0
Gate [2294] (OR)  - output, S_A_1
Gate [2294] (OR)  - input1 (E14(202)), S_A_0
Gate [103] (NOR) - output, S_A_1
Gate [103] (NOR) - input1 (E14(202)), S_A_0
Gate [103] (NOR) - input0 (ID14(14)), S_A_0
Gate [2290] (OR)  - output, S_A_1
Gate [2290] (OR)  - input1 (E15(198)), S_A_0
Gate [101] (NOR) - output, S_A_1
Gate [101] (NOR) - input1 (E15(198)), S_A_0
Gate [101] (NOR) - input0 (ID15(15)), S_A_0
Gate [2286] (OR)  - output, S_A_1
Gate [99] (NOR) - output, S_A_1
Gate [99] (NOR) - input1 (E16(191)), S_A_0
Gate [99] (NOR) - input0 (ID16(16)), S_A_0
Gate [2282] (OR)  - output, S_A_1
Gate [97] (NOR) - output, S_A_1
Gate [97] (NOR) - input1 (E17(187)), S_A_0
Gate [97] (NOR) - input0 (ID17(17)), S_A_0
Gate [2276] (NAND)- output, S_A_1
Gate [2276] (NAND)- input1 (ID18(18)), S_A_1
Gate [2276] (NAND)- input0 ([1316]), S_A_1
Gate [2274] (OR)  - output, S_A_1
Gate [93] (NOR) - output, S_A_1
Gate [93] (NOR) - input1 (E19(179)), S_A_0
Gate [93] (NOR) - input0 (ID19(19)), S_A_0
Gate [2270] (OR)  - output, S_A_1
Gate [91] (NOR) - output, S_A_1
Gate [91] (NOR) - input1 (E20(192)), S_A_0
Gate [91] (NOR) - input0 (ID20(20)), S_A_0
Gate [2266] (OR)  - output, S_A_1
Gate [89] (NOR) - output, S_A_1
Gate [89] (NOR) - input1 (E21(188)), S_A_0
Gate [89] (NOR) - input0 (ID21(21)), S_A_0
Gate [2260] (NAND)- output, S_A_1
Gate [2260] (NAND)- input1 (ID22(22)), S_A_1
Gate [2260] (NAND)- input0 ([1324]), S_A_1
Gate [2258] (OR)  - output, S_A_1
Gate [85] (NOR) - output, S_A_1
Gate [85] (NOR) - input1 (E23(180)), S_A_0
Gate [85] (NOR) - input0 (ID23(23)), S_A_0
Gate [2254] (OR)  - output, S_A_1
Gate [83] (NOR) - output, S_A_1
Gate [83] (NOR) - input1 (E24(193)), S_A_0
Gate [83] (NOR) - input0 (ID24(24)), S_A_0
Gate [2250] (OR)  - output, S_A_1
Gate [2250] (OR)  - input1 (E25(189)), S_A_0
Gate [81] (NOR) - output, S_A_1
Gate [81] (NOR) - input1 (E25(189)), S_A_0
Gate [81] (NOR) - input0 (ID25(25)), S_A_0
Gate [2244] (NAND)- output, S_A_1
Gate [2244] (NAND)- input1 (ID26(26)), S_A_1
Gate [2244] (NAND)- input0 ([1332]), S_A_1
Gate [2242] (OR)  - output, S_A_1
Gate [2242] (OR)  - input1 (E27(181)), S_A_0
Gate [77] (NOR) - output, S_A_1
Gate [77] (NOR) - input1 (E27(181)), S_A_0
Gate [77] (NOR) - input0 (ID27(27)), S_A_0
Gate [2238] (OR)  - output, S_A_1
Gate [2238] (OR)  - input1 (E28(194)), S_A_0
Gate [75] (NOR) - output, S_A_1
Gate [75] (NOR) - input1 (E28(194)), S_A_0
Gate [75] (NOR) - input0 (ID28(28)), S_A_0
Gate [2234] (OR)  - output, S_A_1
Gate [73] (NOR) - output, S_A_1
Gate [73] (NOR) - input1 (E29(190)), S_A_0
Gate [73] (NOR) - input0 (ID29(29)), S_A_0
Gate [2228] (NAND)- output, S_A_1
Gate [2228] (NAND)- input1 (ID30(30)), S_A_1
Gate [2228] (NAND)- input0 ([1340]), S_A_1
Gate [2226] (OR)  - output, S_A_1
Gate [69] (NOR) - output, S_A_1
Gate [69] (NOR) - input1 (E31(182)), S_A_0
Gate [69] (NOR) - input0 (ID31(31)), S_A_0
Gate [1272] (NAND)- input1 ([1271]), S_A_1
Gate E1(203) (AND) - output, S_A_1
Gate E1(203) (AND) - output, S_A_0
Gate E1(203) (AND) - input1 ([1260]), S_A_1
Gate E1(203) (AND) - input0 ([1271]), S_A_1
Gate E2(199) (AND) - output, S_A_1
Gate E2(199) (AND) - output, S_A_0
Gate E2(199) (AND) - input1 ([1251]), S_A_1
Gate E2(199) (AND) - input0 ([1271]), S_A_1
Gate E3(195) (AND) - output, S_A_1
Gate E3(195) (AND) - output, S_A_0
Gate E3(195) (AND) - input1 ([1240]), S_A_1
Gate E3(195) (AND) - input0 ([1271]), S_A_1
Gate E4(208) (NOR) - output, S_A_1
Gate E4(208) (NOR) - output, S_A_0
Gate E4(208) (NOR) - input1 ([1279]), S_A_0
Gate E4(208) (NOR) - input0 ([1163]), S_A_0
Gate E5(204) (NOR) - output, S_A_1
Gate E5(204) (NOR) - output, S_A_0
Gate E5(204) (NOR) - input1 ([1279]), S_A_0
Gate E5(204) (NOR) - input0 ([1260]), S_A_0
Gate E6(200) (NOR) - output, S_A_1
Gate E6(200) (NOR) - output, S_A_0
Gate E6(200) (NOR) - input1 ([1279]), S_A_0
Gate E6(200) (NOR) - input0 ([1251]), S_A_0
Gate E7(196) (NOR) - output, S_A_1
Gate E7(196) (NOR) - output, S_A_0
Gate E7(196) (NOR) - input1 ([1279]), S_A_0
Gate E7(196) (NOR) - input0 ([1240]), S_A_0
Gate E8(209) (NOR) - output, S_A_1
Gate E8(209) (NOR) - output, S_A_0
Gate E8(209) (NOR) - input1 ([1287]), S_A_0
Gate E8(209) (NOR) - input0 ([1163]), S_A_0
Gate E9(205) (NOR) - output, S_A_1
Gate E9(205) (NOR) - output, S_A_0
Gate E9(205) (NOR) - input1 ([1287]), S_A_0
Gate E9(205) (NOR) - input0 ([1260]), S_A_0
Gate E10(201) (NOR) - output, S_A_1
Gate E10(201) (NOR) - output, S_A_0
Gate E10(201) (NOR) - input1 ([1287]), S_A_0
Gate E10(201) (NOR) - input0 ([1251]), S_A_0
Gate E11(197) (NOR) - output, S_A_1
Gate E11(197) (NOR) - output, S_A_0
Gate E11(197) (NOR) - input1 ([1287]), S_A_0
Gate E11(197) (NOR) - input0 ([1240]), S_A_0
Gate E12(210) (NOR) - output, S_A_1
Gate E12(210) (NOR) - output, S_A_0
Gate E12(210) (NOR) - input1 ([1295]), S_A_0
Gate E12(210) (NOR) - input0 ([1163]), S_A_0
Gate E13(206) (NOR) - output, S_A_1
Gate E13(206) (NOR) - output, S_A_0
Gate E13(206) (NOR) - input1 ([1295]), S_A_0
Gate E13(206) (NOR) - input0 ([1260]), S_A_0
Gate E14(202) (NOR) - output, S_A_1
Gate E14(202) (NOR) - output, S_A_0
Gate E14(202) (NOR) - input1 ([1295]), S_A_0
Gate E14(202) (NOR) - input0 ([1251]), S_A_0
Gate E15(198) (NOR) - output, S_A_1
Gate E15(198) (NOR) - output, S_A_0
Gate E15(198) (NOR) - input1 ([1295]), S_A_0
Gate E15(198) (NOR) - input0 ([1240]), S_A_0
Gate E16(191) (NOR) - output, S_A_1
Gate E16(191) (NOR) - output, S_A_0
Gate E16(191) (NOR) - input1 ([1313]), S_A_0
Gate E16(191) (NOR) - input0 ([1229]), S_A_0
Gate E17(187) (NOR) - output, S_A_1
Gate E17(187) (NOR) - output, S_A_0
Gate E17(187) (NOR) - input1 ([1313]), S_A_0
Gate E17(187) (NOR) - input0 ([1185]), S_A_0
Gate [1316] (NAND)- input1 ([1313]), S_A_1
Gate E19(179) (NOR) - output, S_A_1
Gate E19(179) (NOR) - output, S_A_0
Gate E19(179) (NOR) - input1 ([1313]), S_A_0
Gate E19(179) (NOR) - input0 ([1201]), S_A_0
Gate E20(192) (NOR) - output, S_A_1
Gate E20(192) (NOR) - output, S_A_0
Gate E20(192) (NOR) - input1 ([1321]), S_A_0
Gate E20(192) (NOR) - input0 ([1229]), S_A_0
Gate E21(188) (NOR) - output, S_A_1
Gate E21(188) (NOR) - output, S_A_0
Gate E21(188) (NOR) - input1 ([1321]), S_A_0
Gate E21(188) (NOR) - input0 ([1185]), S_A_0
Gate E23(180) (NOR) - output, S_A_1
Gate E23(180) (NOR) - output, S_A_0
Gate E23(180) (NOR) - input1 ([1321]), S_A_0
Gate E23(180) (NOR) - input0 ([1201]), S_A_0
Gate E24(193) (NOR) - output, S_A_1
Gate E24(193) (NOR) - output, S_A_0
Gate E24(193) (NOR) - input1 ([1329]), S_A_0
Gate E24(193) (NOR) - input0 ([1229]), S_A_0
Gate E25(189) (NOR) - output, S_A_1
Gate E25(189) (NOR) - output, S_A_0
Gate E25(189) (NOR) - input1 ([1329]), S_A_0
Gate E25(189) (NOR) - input0 ([1185]), S_A_0
Gate [1332] (NAND)- input1 ([1329]), S_A_1
Gate E27(181) (NOR) - output, S_A_1
Gate E27(181) (NOR) - output, S_A_0
Gate E27(181) (NOR) - input1 ([1329]), S_A_0
Gate E27(181) (NOR) - input0 ([1201]), S_A_0
Gate E28(194) (NOR) - output, S_A_1
Gate E28(194) (NOR) - output, S_A_0
Gate E28(194) (NOR) - input1 ([1337]), S_A_0
Gate E28(194) (NOR) - input0 ([1229]), S_A_0
Gate E29(190) (NOR) - output, S_A_1
Gate E29(190) (NOR) - output, S_A_0
Gate E29(190) (NOR) - input1 ([1337]), S_A_0
Gate E29(190) (NOR) - input0 ([1185]), S_A_0
Gate [1340] (NAND)- input1 ([1337]), S_A_1
Gate E31(182) (NOR) - output, S_A_1
Gate E31(182) (NOR) - output, S_A_0
Gate E31(182) (NOR) - input1 ([1337]), S_A_0
Gate E31(182) (NOR) - input0 ([1201]), S_A_0
Gate [1271] (NAND)- output, S_A_1
Gate [1271] (NAND)- input1 ([653]), S_A_1
Gate [1271] (NAND)- input0 ([658]), S_A_1
Gate [1279] (NAND)- output, S_A_1
Gate [1279] (NAND)- output, S_A_0
Gate [1279] (NAND)- input1 ([613]), S_A_1
Gate [1279] (NAND)- input0 ([618]), S_A_1
Gate [1287] (NAND)- output, S_A_1
Gate [1287] (NAND)- output, S_A_0
Gate [1287] (NAND)- input1 ([573]), S_A_1
Gate [1287] (NAND)- input0 ([578]), S_A_1
Gate [1295] (NAND)- output, S_A_1
Gate [1295] (NAND)- output, S_A_0
Gate [1295] (NAND)- input1 ([533]), S_A_1
Gate [1295] (NAND)- input0 ([538]), S_A_1
Gate [1313] (OR)  - output, S_A_1
Gate [1329] (NAND)- output, S_A_1
Gate [1329] (NAND)- input1 ([383]), S_A_1
Gate [1337] (NAND)- output, S_A_1
Gate [653] (NOR) - output, S_A_1
Gate [653] (NOR) - output, S_A_0
Gate [653] (NOR) - input1 (U0(170)), S_A_0
Gate [653] (NOR) - input0 ([1229]), S_A_0
Gate [613] (NOR) - output, S_A_1
Gate [613] (NOR) - output, S_A_0
Gate [613] (NOR) - input1 (U0(170)), S_A_0
Gate [613] (NOR) - input0 ([1229]), S_A_0
Gate [573] (NOR) - output, S_A_1
Gate [573] (NOR) - output, S_A_0
Gate [573] (NOR) - input1 ([1229]), S_A_0
Gate [573] (NOR) - input0 (U0(170)), S_A_0
Gate [533] (NOR) - output, S_A_1
Gate [533] (NOR) - output, S_A_0
Gate [533] (NOR) - input1 ([1229]), S_A_0
Gate [533] (NOR) - input0 (U0(170)), S_A_0
Gate [463] (AND) - output, S_A_1
Gate [463] (AND) - input1 ([2054]), S_A_1
Gate [463] (AND) - input0 ([1163]), S_A_1
Gate [423] (AND) - input1 ([2054]), S_A_1
Gate [383] (AND) - output, S_A_1
Gate [383] (AND) - output, S_A_0
Gate [383] (AND) - input1 ([2054]), S_A_1
Gate [383] (AND) - input0 ([1163]), S_A_1
Gate [343] (AND) - output, S_A_0
Gate [343] (AND) - input1 ([2054]), S_A_1
Gate U0(170) (NOR) - output, S_A_1
Gate U0(170) (NOR) - output, S_A_0
Gate U0(170) (NOR) - input1 ([1269]), S_A_0
Gate U0(170) (NOR) - input0 ([1264]), S_A_0
Gate [2054] (NAND)- output, S_A_1
Gate [2054] (NAND)- input0 ([474]), S_A_1
Gate [1269] (NAND)- output, S_A_1
Gate [1269] (NAND)- output, S_A_0
Gate [1269] (NAND)- input1 ([2052]), S_A_1
Gate [1269] (NAND)- input0 ([2050]), S_A_1
Gate [1264] (NAND)- output, S_A_1
Gate [1264] (NAND)- output, S_A_0
Gate [1264] (NAND)- input1 ([2048]), S_A_1
Gate [1264] (NAND)- input0 ([2046]), S_A_1
Gate [1311] (NAND)- output, S_A_0
Gate [1311] (NAND)- input1 ([2044]), S_A_1
Gate [1311] (NAND)- input0 ([2042]), S_A_1
Gate [474] (NOR) - output, S_A_1
Gate [474] (NOR) - output, S_A_0
Gate [474] (NOR) - input1 (T5(162)), S_A_0
Gate [474] (NOR) - input0 (T4(161)), S_A_0
Gate [658] (NOR) - output, S_A_1
Gate [658] (NOR) - output, S_A_0
Gate [658] (NOR) - input1 ([1218]), S_A_0
Gate [658] (NOR) - input0 ([1185]), S_A_0
Gate [618] (AND) - output, S_A_1
Gate [618] (AND) - output, S_A_0
Gate [618] (AND) - input1 ([617]), S_A_1
Gate [618] (AND) - input0 ([1185]), S_A_1
Gate [578] (NOR) - output, S_A_1
Gate [578] (NOR) - output, S_A_0
Gate [578] (NOR) - input1 ([1284]), S_A_0
Gate [578] (NOR) - input0 ([1185]), S_A_0
Gate [2052] (NAND)- output, S_A_1
Gate [2052] (NAND)- output, S_A_0
Gate [2052] (NAND)- input1 ([667]), S_A_1
Gate [2052] (NAND)- input0 ([670]), S_A_1
Gate [2050] (NAND)- output, S_A_1
Gate [2050] (NAND)- output, S_A_0
Gate [2050] (NAND)- input1 ([673]), S_A_1
Gate [2050] (NAND)- input0 ([676]), S_A_1
Gate [2048] (NAND)- output, S_A_1
Gate [2048] (NAND)- output, S_A_0
Gate [2048] (NAND)- input1 ([679]), S_A_1
Gate [2048] (NAND)- input0 ([682]), S_A_1
Gate [2046] (NAND)- output, S_A_1
Gate [2046] (NAND)- output, S_A_0
Gate [2046] (NAND)- input1 ([685]), S_A_1
Gate [2046] (NAND)- input0 ([688]), S_A_1
Gate [538] (AND) - output, S_A_1
Gate [538] (AND) - output, S_A_0
Gate [538] (AND) - input1 ([537]), S_A_1
Gate [538] (AND) - input0 ([1185]), S_A_1
Gate [1301] (OR)  - output, S_A_1
Gate [1301] (OR)  - input1 ([467]), S_A_0
Gate [388] (AND) - output, S_A_0
Gate [388] (AND) - input0 ([1260]), S_A_1
Gate [2044] (NAND)- output, S_A_1
Gate [2044] (NAND)- input1 ([477]), S_A_1
Gate [2044] (NAND)- input0 ([480]), S_A_1
Gate [2042] (NAND)- output, S_A_1
Gate [2042] (NAND)- input1 ([483]), S_A_1
Gate [2042] (NAND)- input0 ([486]), S_A_1
Gate T5(162) (NOR) - output, S_A_1
Gate T5(162) (NOR) - output, S_A_0
Gate T5(162) (NOR) - input1 ([1305]), S_A_0
Gate T5(162) (NOR) - input0 ([1304]), S_A_0
Gate T4(161) (NOR) - output, S_A_1
Gate T4(161) (NOR) - output, S_A_0
Gate T4(161) (NOR) - input1 ([1303]), S_A_0
Gate T4(161) (NOR) - input0 ([498]), S_A_0
Gate [348] (AND) - output, S_A_0
Gate [348] (AND) - input1 ([347]), S_A_1
Gate [1218] (NAND)- output, S_A_1
Gate [1218] (NAND)- output, S_A_0
Gate [1218] (NAND)- input1 ([1201]), S_A_1
Gate [1218] (NAND)- input0 ([1217]), S_A_1
Gate [617] (AND) - output, S_A_1
Gate [617] (AND) - output, S_A_0
Gate [617] (AND) - input1 ([1201]), S_A_1
Gate [617] (AND) - input0 ([1217]), S_A_1
Gate [1284] (NAND)- output, S_A_1
Gate [1284] (NAND)- output, S_A_0
Gate [1284] (NAND)- input1 ([1201]), S_A_1
Gate [1284] (NAND)- input0 ([1217]), S_A_1
Gate [667] (NOR) - output, S_A_1
Gate [667] (NOR) - output, S_A_0
Gate [667] (NOR) - input1 ([1260]), S_A_0
Gate [667] (NOR) - input0 ([1163]), S_A_0
Gate [670] (NOR) - output, S_A_1
Gate [670] (NOR) - output, S_A_0
Gate [670] (NOR) - input1 ([1251]), S_A_0
Gate [670] (NOR) - input0 ([1240]), S_A_0
Gate [673] (AND) - output, S_A_1
Gate [673] (AND) - output, S_A_0
Gate [673] (AND) - input1 ([1260]), S_A_1
Gate [673] (AND) - input0 ([1163]), S_A_1
Gate [676] (NOR) - output, S_A_1
Gate [676] (NOR) - output, S_A_0
Gate [676] (NOR) - input1 ([1251]), S_A_0
Gate [676] (NOR) - input0 ([1240]), S_A_0
Gate [679] (NOR) - output, S_A_1
Gate [679] (NOR) - output, S_A_0
Gate [679] (NOR) - input1 ([1260]), S_A_0
Gate [679] (NOR) - input0 ([1163]), S_A_0
Gate [682] (AND) - output, S_A_1
Gate [682] (AND) - output, S_A_0
Gate [682] (AND) - input1 ([1251]), S_A_1
Gate [682] (AND) - input0 ([1240]), S_A_1
Gate [685] (NOR) - output, S_A_1
Gate [685] (NOR) - output, S_A_0
Gate [685] (NOR) - input1 ([1260]), S_A_0
Gate [685] (NOR) - input0 ([1163]), S_A_0
Gate [688] (NOR) - output, S_A_1
Gate [688] (NOR) - output, S_A_0
Gate [688] (NOR) - input1 ([1251]), S_A_0
Gate [688] (NOR) - input0 ([1240]), S_A_0
Gate [537] (AND) - output, S_A_1
Gate [537] (AND) - output, S_A_0
Gate [537] (AND) - input1 ([1201]), S_A_1
Gate [537] (AND) - input0 ([1217]), S_A_1
Gate [467] (AND) - output, S_A_1
Gate [467] (AND) - output, S_A_0
Gate [467] (AND) - input1 ([1251]), S_A_1
Gate [467] (AND) - input0 ([1240]), S_A_1
Gate [427] (NOR) - input1 ([1251]), S_A_0
Gate [427] (NOR) - input0 ([1240]), S_A_0
Gate [387] (AND) - output, S_A_0
Gate [387] (AND) - input1 ([1251]), S_A_1
Gate [387] (AND) - input0 ([1240]), S_A_1
Gate [477] (AND) - output, S_A_1
Gate [477] (AND) - output, S_A_0
Gate [477] (AND) - input1 ([1229]), S_A_1
Gate [477] (AND) - input0 ([1185]), S_A_1
Gate [480] (NOR) - output, S_A_1
Gate [480] (NOR) - output, S_A_0
Gate [480] (NOR) - input1 ([1217]), S_A_0
Gate [480] (NOR) - input0 ([1201]), S_A_0
Gate [483] (NOR) - output, S_A_1
Gate [483] (NOR) - output, S_A_0
Gate [483] (NOR) - input1 ([1229]), S_A_0
Gate [483] (NOR) - input0 ([1185]), S_A_0
Gate [486] (NOR) - output, S_A_1
Gate [486] (NOR) - output, S_A_0
Gate [486] (NOR) - input1 ([1217]), S_A_0
Gate [486] (NOR) - input0 ([1201]), S_A_0
Gate [1305] (OR)  - output, S_A_1
Gate [1305] (OR)  - output, S_A_0
Gate [1305] (OR)  - input1 ([1229]), S_A_0
Gate [1305] (OR)  - input0 ([1185]), S_A_0
Gate [1304] (NAND)- output, S_A_1
Gate [1304] (NAND)- output, S_A_0
Gate [1304] (NAND)- input1 ([1201]), S_A_1
Gate [1304] (NAND)- input0 ([1217]), S_A_1
Gate [1303] (OR)  - output, S_A_1
Gate [1303] (OR)  - output, S_A_0
Gate [1303] (OR)  - input1 ([1229]), S_A_0
Gate [1303] (OR)  - input0 ([1185]), S_A_0
Gate [498] (AND) - output, S_A_1
Gate [498] (AND) - output, S_A_0
Gate [498] (AND) - input1 ([1201]), S_A_1
Gate [498] (AND) - input0 ([1217]), S_A_1
Gate [347] (NOR) - output, S_A_1
Gate [347] (NOR) - output, S_A_0
Gate [347] (NOR) - input1 ([1251]), S_A_0
Gate [347] (NOR) - input0 ([1240]), S_A_0
Gate [1229] (NAND)- output, S_A_1
Gate [1229] (NAND)- output, S_A_0
Gate [1229] (NAND)- input1 ([2450]), S_A_1
Gate [1229] (NAND)- input0 ([2448]), S_A_1
Gate [1185] (NAND)- output, S_A_1
Gate [1185] (NAND)- output, S_A_0
Gate [1185] (NAND)- input1 ([2474]), S_A_1
Gate [1185] (NAND)- input0 ([2472]), S_A_1
Gate [1251] (NAND)- output, S_A_0
Gate [1251] (NAND)- input1 ([2378]), S_A_1
Gate [1251] (NAND)- input0 ([2376]), S_A_1
Gate [1240] (NAND)- output, S_A_0
Gate [1240] (NAND)- input1 ([2414]), S_A_1
Gate [1240] (NAND)- input0 ([2412]), S_A_1
Gate [1201] (NAND)- output, S_A_1
Gate [1201] (NAND)- output, S_A_0
Gate [1201] (NAND)- input1 ([2546]), S_A_1
Gate [1201] (NAND)- input0 ([2544]), S_A_1
Gate [2450] (OR)  - output, S_A_1
Gate [2450] (OR)  - output, S_A_0
Gate [2450] (OR)  - input1 ([1228]), S_A_0
Gate [2450] (OR)  - input0 ([1224]), S_A_0
Gate [2448] (NAND)- output, S_A_1
Gate [2448] (NAND)- output, S_A_0
Gate [2448] (NAND)- input1 ([1228]), S_A_1
Gate [2448] (NAND)- input0 ([1224]), S_A_1
Gate [2474] (OR)  - output, S_A_1
Gate [2474] (OR)  - output, S_A_0
Gate [2474] (OR)  - input1 ([1184]), S_A_0
Gate [2474] (OR)  - input0 ([1168]), S_A_0
Gate [2472] (NAND)- output, S_A_1
Gate [2472] (NAND)- output, S_A_0
Gate [2472] (NAND)- input1 ([1184]), S_A_1
Gate [2472] (NAND)- input0 ([1168]), S_A_1
Gate [2378] (OR)  - output, S_A_1
Gate [2378] (OR)  - input0 ([1243]), S_A_0
Gate [2376] (NAND)- output, S_A_1
Gate [2376] (NAND)- input1 ([1250]), S_A_1
Gate [2414] (OR)  - output, S_A_1
Gate [2414] (OR)  - input1 ([1239]), S_A_0
Gate [2412] (NAND)- output, S_A_1
Gate [2412] (NAND)- input0 ([1232]), S_A_1
Gate [2546] (OR)  - output, S_A_1
Gate [2546] (OR)  - output, S_A_0
Gate [2546] (OR)  - input1 ([1200]), S_A_0
Gate [2546] (OR)  - input0 ([1190]), S_A_0
Gate [2544] (NAND)- output, S_A_1
Gate [2544] (NAND)- output, S_A_0
Gate [2544] (NAND)- input1 ([1200]), S_A_1
Gate [2544] (NAND)- input0 ([1190]), S_A_1
Gate [1228] (OR)  - output, S_A_1
Gate [1228] (OR)  - output, S_A_0
Gate [1228] (OR)  - input1 ([2454]), S_A_0
Gate [1228] (OR)  - input0 ([183]), S_A_0
Gate [1184] (OR)  - output, S_A_1
Gate [1184] (OR)  - output, S_A_0
Gate [1184] (OR)  - input1 ([2478]), S_A_0
Gate [1184] (OR)  - input0 ([195]), S_A_0
Gate [1216] (OR)  - input0 ([207]), S_A_0
Gate [1162] (OR)  - input0 ([255]), S_A_0
Gate [1250] (OR)  - output, S_A_1
Gate [1250] (OR)  - input0 ([147]), S_A_0
Gate [1239] (OR)  - output, S_A_0
Gate [1239] (OR)  - input1 ([2418]), S_A_0
Gate [1239] (OR)  - input0 ([165]), S_A_0
Gate [1259] (OR)  - input0 ([135]), S_A_0
Gate [1200] (OR)  - output, S_A_1
Gate [1200] (OR)  - output, S_A_0
Gate [1200] (OR)  - input1 ([2550]), S_A_0
Gate [1200] (OR)  - input0 ([231]), S_A_0
Gate [2454] (NAND)- output, S_A_1
Gate [2454] (NAND)- output, S_A_0
Gate [2454] (NAND)- input1 ([1227]), S_A_1
Gate [2454] (NAND)- input0 ([1226]), S_A_1
Gate [183] (NOR) - output, S_A_1
Gate [183] (NOR) - output, S_A_0
Gate [183] (NOR) - input1 ([1227]), S_A_0
Gate [183] (NOR) - input0 ([1226]), S_A_0
Gate [2478] (NAND)- output, S_A_1
Gate [2478] (NAND)- output, S_A_0
Gate [2478] (NAND)- input1 ([1183]), S_A_1
Gate [2478] (NAND)- input0 ([1170]), S_A_1
Gate [195] (NOR) - output, S_A_1
Gate [195] (NOR) - output, S_A_0
Gate [195] (NOR) - input1 ([1183]), S_A_0
Gate [195] (NOR) - input0 ([1170]), S_A_0
Gate [2502] (NAND)- input1 ([1215]), S_A_1
Gate [207] (NOR) - output, S_A_0
Gate [207] (NOR) - input1 ([1215]), S_A_0
Gate [207] (NOR) - input0 ([1208]), S_A_0
Gate [255] (NOR) - output, S_A_0
Gate [255] (NOR) - input1 ([1161]), S_A_0
Gate [255] (NOR) - input0 ([1146]), S_A_0
Gate [2382] (NAND)- output, S_A_1
Gate [2382] (NAND)- input1 ([1249]), S_A_1
Gate [147] (NOR) - output, S_A_1
Gate [147] (NOR) - output, S_A_0
Gate [147] (NOR) - input1 ([1249]), S_A_0
Gate [147] (NOR) - input0 ([1245]), S_A_0
Gate [2418] (NAND)- output, S_A_0
Gate [2418] (NAND)- input1 ([1238]), S_A_1
Gate [2418] (NAND)- input0 ([1234]), S_A_1
Gate [165] (NOR) - output, S_A_0
Gate [165] (NOR) - input1 ([1238]), S_A_0
Gate [165] (NOR) - input0 ([1234]), S_A_0
Gate [2358] (NAND)- input0 ([1257]), S_A_1
Gate [135] (NOR) - output, S_A_0
Gate [135] (NOR) - input1 ([1258]), S_A_0
Gate [135] (NOR) - input0 ([1257]), S_A_0
Gate [2550] (NAND)- output, S_A_1
Gate [2550] (NAND)- output, S_A_0
Gate [2550] (NAND)- input1 ([1199]), S_A_1
Gate [2550] (NAND)- input0 ([1192]), S_A_1
Gate [231] (NOR) - output, S_A_1
Gate [231] (NOR) - output, S_A_0
Gate [231] (NOR) - input1 ([1199]), S_A_0
Gate [231] (NOR) - input0 ([1192]), S_A_0
Gate [1227] (NAND)- output, S_A_1
Gate [1227] (NAND)- output, S_A_0
Gate [1227] (NAND)- input1 ([2458]), S_A_1
Gate [1227] (NAND)- input0 ([2456]), S_A_1
Gate [1183] (NAND)- output, S_A_1
Gate [1183] (NAND)- output, S_A_0
Gate [1183] (NAND)- input1 ([2482]), S_A_1
Gate [1183] (NAND)- input0 ([2480]), S_A_1
Gate [1215] (NAND)- output, S_A_1
Gate [1249] (OR)  - output, S_A_1
Gate [1249] (OR)  - output, S_A_0
Gate [1249] (OR)  - input1 ([2386]), S_A_0
Gate [1249] (OR)  - input0 ([149]), S_A_0
Gate [1238] (OR)  - output, S_A_1
Gate [1238] (OR)  - input1 ([2422]), S_A_0
Gate [1258] (NAND)- input0 ([2360]), S_A_1
Gate [1199] (NAND)- output, S_A_1
Gate [1199] (NAND)- output, S_A_0
Gate [1199] (NAND)- input1 ([234]), S_A_1
Gate [1199] (NAND)- input0 ([2552]), S_A_1
Gate [2458] (OR)  - output, S_A_1
Gate [2458] (OR)  - output, S_A_0
Gate [2458] (OR)  - input1 ([1198]), S_A_0
Gate [2458] (OR)  - input0 ([1214]), S_A_0
Gate [2456] (NAND)- output, S_A_1
Gate [2456] (NAND)- output, S_A_0
Gate [2456] (NAND)- input1 ([1198]), S_A_1
Gate [2456] (NAND)- input0 ([1214]), S_A_1
Gate [2482] (OR)  - output, S_A_1
Gate [2482] (OR)  - output, S_A_0
Gate [2482] (OR)  - input1 ([1176]), S_A_0
Gate [2482] (OR)  - input0 ([1182]), S_A_0
Gate [2480] (NAND)- output, S_A_1
Gate [2480] (NAND)- output, S_A_0
Gate [2480] (NAND)- input1 ([1176]), S_A_1
Gate [2480] (NAND)- input0 ([1182]), S_A_1
Gate [210] (NOR) - output, S_A_0
Gate [2504] (OR)  - output, S_A_0
Gate [2504] (OR)  - input1 ([1214]), S_A_0
Gate [2504] (OR)  - input0 ([1182]), S_A_0
Gate [2386] (OR)  - output, S_A_1
Gate [2386] (OR)  - output, S_A_0
Gate [2386] (OR)  - input1 ([1248]), S_A_0
Gate [2386] (OR)  - input0 ([1160]), S_A_0
Gate [149] (NOR) - output, S_A_1
Gate [149] (NOR) - output, S_A_0
Gate [149] (NOR) - input1 ([1248]), S_A_0
Gate [149] (NOR) - input0 ([1160]), S_A_0
Gate [2422] (OR)  - output, S_A_1
Gate [2422] (OR)  - output, S_A_0
Gate [2422] (OR)  - input1 ([1237]), S_A_0
Gate [2422] (OR)  - input0 ([1153]), S_A_0
Gate [167] (NOR) - output, S_A_1
Gate [167] (NOR) - input1 ([1237]), S_A_0
Gate [167] (NOR) - input0 ([1153]), S_A_0
Gate [2360] (OR)  - output, S_A_1
Gate [234] (NOR) - output, S_A_1
Gate [234] (NOR) - output, S_A_0
Gate [234] (NOR) - input1 ([1198]), S_A_0
Gate [234] (NOR) - input0 ([1176]), S_A_0
Gate [2552] (OR)  - output, S_A_1
Gate [2552] (OR)  - output, S_A_0
Gate [2552] (OR)  - input1 ([1198]), S_A_0
Gate [2552] (OR)  - input0 ([1176]), S_A_0
Gate [1224] (NAND)- output, S_A_1
Gate [1224] (NAND)- output, S_A_0
Gate [1224] (NAND)- input1 ([2462]), S_A_1
Gate [1224] (NAND)- input0 ([2460]), S_A_1
Gate [1168] (NAND)- output, S_A_1
Gate [1168] (NAND)- output, S_A_0
Gate [1168] (NAND)- input1 ([2486]), S_A_1
Gate [1168] (NAND)- input0 ([2484]), S_A_1
Gate [1214] (NAND)- output, S_A_1
Gate [1214] (NAND)- output, S_A_0
Gate [1214] (NAND)- input1 ([2522]), S_A_1
Gate [1214] (NAND)- input0 ([2520]), S_A_1
Gate [1182] (NAND)- output, S_A_1
Gate [1182] (NAND)- output, S_A_0
Gate [1182] (NAND)- input1 ([2510]), S_A_1
Gate [1182] (NAND)- input0 ([2508]), S_A_1
Gate [1243] (NAND)- output, S_A_0
Gate [1243] (NAND)- input1 ([2402]), S_A_1
Gate [1243] (NAND)- input0 ([2400]), S_A_1
Gate [1232] (NAND)- output, S_A_1
Gate [1232] (NAND)- input1 ([2438]), S_A_1
Gate [1248] (NAND)- input1 ([2390]), S_A_1
Gate [1237] (NAND)- input1 ([2426]), S_A_1
Gate [1255] (NAND)- input1 ([2366]), S_A_1
Gate [1198] (NAND)- output, S_A_1
Gate [1198] (NAND)- output, S_A_0
Gate [1198] (NAND)- input1 ([2570]), S_A_1
Gate [1198] (NAND)- input0 ([2568]), S_A_1
Gate [1176] (NAND)- output, S_A_1
Gate [1176] (NAND)- output, S_A_0
Gate [1176] (NAND)- input1 ([2558]), S_A_1
Gate [1176] (NAND)- input0 ([2556]), S_A_1
Gate [1190] (NAND)- output, S_A_1
Gate [1190] (NAND)- output, S_A_0
Gate [1190] (NAND)- input1 ([2582]), S_A_1
Gate [1190] (NAND)- input0 ([2580]), S_A_1
Gate [2462] (OR)  - output, S_A_1
Gate [2462] (OR)  - output, S_A_0
Gate [2462] (OR)  - input1 ([1222]), S_A_0
Gate [2462] (OR)  - input0 ([1223]), S_A_0
Gate [2460] (NAND)- output, S_A_1
Gate [2460] (NAND)- output, S_A_0
Gate [2460] (NAND)- input1 ([1222]), S_A_1
Gate [2460] (NAND)- input0 ([1223]), S_A_1
Gate [2486] (OR)  - output, S_A_1
Gate [2486] (OR)  - output, S_A_0
Gate [2486] (OR)  - input1 ([1166]), S_A_0
Gate [2486] (OR)  - input0 ([1167]), S_A_0
Gate [2484] (NAND)- output, S_A_1
Gate [2484] (NAND)- output, S_A_0
Gate [2484] (NAND)- input1 ([1166]), S_A_1
Gate [2484] (NAND)- input0 ([1167]), S_A_1
Gate [2522] (OR)  - output, S_A_1
Gate [2522] (OR)  - output, S_A_0
Gate [2522] (OR)  - input1 ([1211]), S_A_0
Gate [2522] (OR)  - input0 ([1213]), S_A_0
Gate [2520] (NAND)- output, S_A_1
Gate [2520] (NAND)- output, S_A_0
Gate [2520] (NAND)- input1 ([1211]), S_A_1
Gate [2520] (NAND)- input0 ([1213]), S_A_1
Gate [2510] (OR)  - output, S_A_1
Gate [2510] (OR)  - output, S_A_0
Gate [2510] (OR)  - input1 ([1179]), S_A_0
Gate [2510] (OR)  - input0 ([1181]), S_A_0
Gate [2508] (NAND)- output, S_A_1
Gate [2508] (NAND)- output, S_A_0
Gate [2508] (NAND)- input1 ([1179]), S_A_1
Gate [2508] (NAND)- input0 ([1181]), S_A_1
Gate [2402] (OR)  - output, S_A_1
Gate [2402] (OR)  - input1 ([1241]), S_A_0
Gate [2400] (NAND)- output, S_A_1
Gate [2400] (NAND)- input0 ([1242]), S_A_1
Gate [2438] (OR)  - output, S_A_1
Gate [2438] (OR)  - output, S_A_0
Gate [2438] (OR)  - input1 ([1230]), S_A_0
Gate [2438] (OR)  - input0 ([1231]), S_A_0
Gate [2436] (NAND)- output, S_A_0
Gate [2436] (NAND)- input1 ([1230]), S_A_1
Gate [2436] (NAND)- input0 ([1231]), S_A_1
Gate [2390] (OR)  - output, S_A_1
Gate [2426] (OR)  - output, S_A_1
Gate [2426] (OR)  - input1 ([1235]), S_A_0
Gate [2424] (NAND)- input0 ([1236]), S_A_1
Gate [2366] (OR)  - output, S_A_1
Gate [2570] (OR)  - output, S_A_1
Gate [2570] (OR)  - output, S_A_0
Gate [2570] (OR)  - input1 ([1195]), S_A_0
Gate [2570] (OR)  - input0 ([1197]), S_A_0
Gate [2568] (NAND)- output, S_A_1
Gate [2568] (NAND)- output, S_A_0
Gate [2568] (NAND)- input1 ([1195]), S_A_1
Gate [2568] (NAND)- input0 ([1197]), S_A_1
Gate [2558] (OR)  - output, S_A_1
Gate [2558] (OR)  - output, S_A_0
Gate [2558] (OR)  - input1 ([1173]), S_A_0
Gate [2558] (OR)  - input0 ([1175]), S_A_0
Gate [2556] (NAND)- output, S_A_1
Gate [2556] (NAND)- output, S_A_0
Gate [2556] (NAND)- input1 ([1173]), S_A_1
Gate [2556] (NAND)- input0 ([1175]), S_A_1
Gate [2582] (OR)  - output, S_A_1
Gate [2582] (OR)  - output, S_A_0
Gate [2582] (OR)  - input1 ([1188]), S_A_0
Gate [2582] (OR)  - input0 ([1189]), S_A_0
Gate [2580] (NAND)- output, S_A_1
Gate [2580] (NAND)- output, S_A_0
Gate [2580] (NAND)- input1 ([1188]), S_A_1
Gate [2580] (NAND)- input0 ([1189]), S_A_1
Gate [1222] (NAND)- output, S_A_1
Gate [1222] (NAND)- output, S_A_0
Gate [1222] (NAND)- input1 ([2466]), S_A_1
Gate [1222] (NAND)- input0 ([2464]), S_A_1
Gate [1223] (NAND)- output, S_A_1
Gate [1223] (NAND)- output, S_A_0
Gate [1223] (NAND)- input1 ([2470]), S_A_1
Gate [1223] (NAND)- input0 ([2468]), S_A_1
Gate [1166] (NAND)- output, S_A_1
Gate [1166] (NAND)- output, S_A_0
Gate [1166] (NAND)- input1 ([2490]), S_A_1
Gate [1166] (NAND)- input0 ([2488]), S_A_1
Gate [1167] (NAND)- output, S_A_1
Gate [1167] (NAND)- output, S_A_0
Gate [1167] (NAND)- input1 ([2494]), S_A_1
Gate [1167] (NAND)- input0 ([2492]), S_A_1
Gate [1211] (NAND)- output, S_A_1
Gate [1211] (NAND)- output, S_A_0
Gate [1211] (NAND)- input1 ([2526]), S_A_1
Gate [1211] (NAND)- input0 ([2524]), S_A_1
Gate [1213] (NAND)- output, S_A_1
Gate [1213] (NAND)- output, S_A_0
Gate [1213] (NAND)- input1 ([2530]), S_A_1
Gate [1213] (NAND)- input0 ([2528]), S_A_1
Gate [1179] (NAND)- output, S_A_1
Gate [1179] (NAND)- output, S_A_0
Gate [1179] (NAND)- input1 ([2514]), S_A_1
Gate [1179] (NAND)- input0 ([2512]), S_A_1
Gate [1181] (NAND)- output, S_A_1
Gate [1181] (NAND)- output, S_A_0
Gate [1181] (NAND)- input1 ([2518]), S_A_1
Gate [1181] (NAND)- input0 ([2516]), S_A_1
Gate [1204] (NAND)- input0 ([2536]), S_A_1
Gate [1142] (NAND)- input0 ([2636]), S_A_1
Gate [1241] (NAND)- output, S_A_0
Gate [1241] (NAND)- input1 ([2406]), S_A_1
Gate [1241] (NAND)- input0 ([2404]), S_A_1
Gate [1242] (NAND)- output, S_A_1
Gate [1242] (NAND)- input0 ([2408]), S_A_1
Gate [1152] (NAND)- input0 ([2612]), S_A_1
Gate [1230] (NAND)- output, S_A_1
Gate [1230] (NAND)- input0 ([2440]), S_A_1
Gate [1231] (NAND)- output, S_A_1
Gate [1231] (NAND)- input0 ([2444]), S_A_1
Gate [1246] (NAND)- input0 ([2392]), S_A_1
Gate [1247] (NAND)- input0 ([2396]), S_A_1
Gate [1235] (NAND)- input0 ([2428]), S_A_1
Gate [1236] (NAND)- output, S_A_1
Gate [1236] (NAND)- input0 ([2432]), S_A_1
Gate [1253] (NAND)- input0 ([2368]), S_A_1
Gate [1254] (NAND)- input0 ([2372]), S_A_1
Gate [1195] (NAND)- output, S_A_1
Gate [1195] (NAND)- output, S_A_0
Gate [1195] (NAND)- input1 ([2574]), S_A_1
Gate [1195] (NAND)- input0 ([2572]), S_A_1
Gate [1197] (NAND)- output, S_A_1
Gate [1197] (NAND)- output, S_A_0
Gate [1197] (NAND)- input1 ([2578]), S_A_1
Gate [1197] (NAND)- input0 ([2576]), S_A_1
Gate [1173] (NAND)- output, S_A_1
Gate [1173] (NAND)- output, S_A_0
Gate [1173] (NAND)- input1 ([2562]), S_A_1
Gate [1173] (NAND)- input0 ([2560]), S_A_1
Gate [1175] (NAND)- output, S_A_1
Gate [1175] (NAND)- output, S_A_0
Gate [1175] (NAND)- input1 ([2566]), S_A_1
Gate [1175] (NAND)- input0 ([2564]), S_A_1
Gate [1188] (NAND)- output, S_A_1
Gate [1188] (NAND)- output, S_A_0
Gate [1188] (NAND)- input1 ([2586]), S_A_1
Gate [1188] (NAND)- input0 ([2584]), S_A_1
Gate [1189] (NAND)- output, S_A_1
Gate [1189] (NAND)- output, S_A_0
Gate [1189] (NAND)- input1 ([2590]), S_A_1
Gate [1189] (NAND)- input0 ([2588]), S_A_1
Gate [1226] (NAND)- output, S_A_1
Gate [1226] (NAND)- output, S_A_0
Gate [1226] (NAND)- input1 (IC4(36)), S_A_1
Gate [1226] (NAND)- input0 (R(40)), S_A_1
Gate [2466] (OR)  - output, S_A_1
Gate [2466] (OR)  - output, S_A_0
Gate [2466] (OR)  - input1 (ID28(28)), S_A_0
Gate [2466] (OR)  - input0 (ID24(24)), S_A_0
Gate [2464] (NAND)- output, S_A_1
Gate [2464] (NAND)- output, S_A_0
Gate [2464] (NAND)- input1 (ID28(28)), S_A_1
Gate [2464] (NAND)- input0 (ID24(24)), S_A_1
Gate [2470] (OR)  - output, S_A_1
Gate [2470] (OR)  - output, S_A_0
Gate [2470] (OR)  - input1 (ID20(20)), S_A_0
Gate [2470] (OR)  - input0 (ID16(16)), S_A_0
Gate [2468] (NAND)- output, S_A_1
Gate [2468] (NAND)- output, S_A_0
Gate [2468] (NAND)- input1 (ID20(20)), S_A_1
Gate [2468] (NAND)- input0 (ID16(16)), S_A_1
Gate [1170] (NAND)- output, S_A_1
Gate [1170] (NAND)- output, S_A_0
Gate [1170] (NAND)- input1 (IC5(37)), S_A_1
Gate [1170] (NAND)- input0 (R(40)), S_A_1
Gate [2490] (OR)  - output, S_A_1
Gate [2490] (OR)  - output, S_A_0
Gate [2490] (OR)  - input1 (ID29(29)), S_A_0
Gate [2490] (OR)  - input0 (ID25(25)), S_A_0
Gate [2488] (NAND)- output, S_A_1
Gate [2488] (NAND)- output, S_A_0
Gate [2488] (NAND)- input1 (ID29(29)), S_A_1
Gate [2488] (NAND)- input0 (ID25(25)), S_A_1
Gate [2494] (OR)  - output, S_A_1
Gate [2494] (OR)  - output, S_A_0
Gate [2494] (OR)  - input1 (ID21(21)), S_A_0
Gate [2494] (OR)  - input0 (ID17(17)), S_A_0
Gate [2492] (NAND)- output, S_A_1
Gate [2492] (NAND)- output, S_A_0
Gate [2492] (NAND)- input1 (ID21(21)), S_A_1
Gate [2492] (NAND)- input0 (ID17(17)), S_A_1
Gate [2526] (OR)  - output, S_A_1
Gate [2526] (OR)  - output, S_A_0
Gate [2526] (OR)  - input1 (ID3(3)), S_A_0
Gate [2526] (OR)  - input0 (ID2(2)), S_A_0
Gate [2524] (NAND)- output, S_A_1
Gate [2524] (NAND)- output, S_A_0
Gate [2524] (NAND)- input1 (ID3(3)), S_A_1
Gate [2524] (NAND)- input0 (ID2(2)), S_A_1
Gate [2530] (OR)  - output, S_A_1
Gate [2530] (OR)  - output, S_A_0
Gate [2530] (OR)  - input1 (ID1(1)), S_A_0
Gate [2530] (OR)  - input0 (ID0(0)), S_A_0
Gate [2528] (NAND)- output, S_A_1
Gate [2528] (NAND)- output, S_A_0
Gate [2528] (NAND)- input1 (ID1(1)), S_A_1
Gate [2528] (NAND)- input0 (ID0(0)), S_A_1
Gate [2514] (OR)  - output, S_A_1
Gate [2514] (OR)  - output, S_A_0
Gate [2514] (OR)  - input1 (ID11(11)), S_A_0
Gate [2514] (OR)  - input0 (ID10(10)), S_A_0
Gate [2512] (NAND)- output, S_A_1
Gate [2512] (NAND)- output, S_A_0
Gate [2512] (NAND)- input1 (ID11(11)), S_A_1
Gate [2512] (NAND)- input0 (ID10(10)), S_A_1
Gate [2518] (OR)  - output, S_A_1
Gate [2518] (OR)  - output, S_A_0
Gate [2518] (OR)  - input1 (ID9(9)), S_A_0
Gate [2518] (OR)  - input0 (ID8(8)), S_A_0
Gate [2516] (NAND)- output, S_A_1
Gate [2516] (NAND)- output, S_A_0
Gate [2516] (NAND)- input1 (ID9(9)), S_A_1
Gate [2516] (NAND)- input0 (ID8(8)), S_A_1
Gate [2536] (NAND)- output, S_A_1
Gate [2636] (NAND)- output, S_A_1
Gate [1245] (NAND)- output, S_A_0
Gate [1245] (NAND)- input1 (IC2(34)), S_A_1
Gate [1245] (NAND)- input0 (R(40)), S_A_1
Gate [2406] (OR)  - output, S_A_1
Gate [2406] (OR)  - input0 (ID10(10)), S_A_0
Gate [2404] (NAND)- output, S_A_1
Gate [2404] (NAND)- input1 (ID14(14)), S_A_1
Gate [2410] (OR)  - output, S_A_0
Gate [2410] (OR)  - input1 (ID6(6)), S_A_0
Gate [2410] (OR)  - input0 (ID2(2)), S_A_0
Gate [2408] (NAND)- output, S_A_1
Gate [2408] (NAND)- output, S_A_0
Gate [2408] (NAND)- input1 (ID6(6)), S_A_1
Gate [2408] (NAND)- input0 (ID2(2)), S_A_1
Gate [2612] (NAND)- output, S_A_1
Gate [1234] (NAND)- output, S_A_1
Gate [1234] (NAND)- input0 (R(40)), S_A_1
Gate [2442] (OR)  - output, S_A_0
Gate [2442] (OR)  - input1 (ID15(15)), S_A_0
Gate [2442] (OR)  - input0 (ID11(11)), S_A_0
Gate [2440] (NAND)- output, S_A_1
Gate [2440] (NAND)- output, S_A_0
Gate [2440] (NAND)- input1 (ID15(15)), S_A_1
Gate [2440] (NAND)- input0 (ID11(11)), S_A_1
Gate [2446] (OR)  - output, S_A_0
Gate [2446] (OR)  - input1 (ID7(7)), S_A_0
Gate [2446] (OR)  - input0 (ID3(3)), S_A_0
Gate [2444] (NAND)- output, S_A_1
Gate [2444] (NAND)- output, S_A_0
Gate [2444] (NAND)- input1 (ID7(7)), S_A_1
Gate [2444] (NAND)- input0 (ID3(3)), S_A_1
Gate [2394] (OR)  - input1 (ID27(27)), S_A_0
Gate [2392] (NAND)- output, S_A_1
Gate [2392] (NAND)- input0 (ID26(26)), S_A_1
Gate [2398] (OR)  - input1 (ID25(25)), S_A_0
Gate [2396] (NAND)- output, S_A_1
Gate [2396] (NAND)- input0 (ID24(24)), S_A_1
Gate [2430] (OR)  - input1 (ID31(31)), S_A_0
Gate [2428] (NAND)- output, S_A_1
Gate [2428] (NAND)- input0 (ID30(30)), S_A_1
Gate [2434] (OR)  - output, S_A_0
Gate [2434] (OR)  - input1 (ID29(29)), S_A_0
Gate [2434] (OR)  - input0 (ID28(28)), S_A_0
Gate [2432] (NAND)- output, S_A_1
Gate [2432] (NAND)- output, S_A_0
Gate [2432] (NAND)- input1 (ID29(29)), S_A_1
Gate [2432] (NAND)- input0 (ID28(28)), S_A_1
Gate [1257] (NAND)- output, S_A_1
Gate [1257] (NAND)- input0 (R(40)), S_A_1
Gate [2370] (OR)  - input0 (ID9(9)), S_A_0
Gate [2368] (NAND)- output, S_A_1
Gate [2368] (NAND)- input1 (ID13(13)), S_A_1
Gate [2374] (OR)  - input1 (ID5(5)), S_A_0
Gate [2372] (NAND)- output, S_A_1
Gate [2372] (NAND)- input0 (ID1(1)), S_A_1
Gate [2574] (OR)  - output, S_A_1
Gate [2574] (OR)  - output, S_A_0
Gate [2574] (OR)  - input1 (ID7(7)), S_A_0
Gate [2574] (OR)  - input0 (ID6(6)), S_A_0
Gate [2572] (NAND)- output, S_A_1
Gate [2572] (NAND)- output, S_A_0
Gate [2572] (NAND)- input1 (ID7(7)), S_A_1
Gate [2572] (NAND)- input0 (ID6(6)), S_A_1
Gate [2578] (OR)  - output, S_A_1
Gate [2578] (OR)  - output, S_A_0
Gate [2578] (OR)  - input1 (ID5(5)), S_A_0
Gate [2578] (OR)  - input0 (ID4(4)), S_A_0
Gate [2576] (NAND)- output, S_A_1
Gate [2576] (NAND)- output, S_A_0
Gate [2576] (NAND)- input1 (ID5(5)), S_A_1
Gate [2576] (NAND)- input0 (ID4(4)), S_A_1
Gate [2562] (OR)  - output, S_A_1
Gate [2562] (OR)  - output, S_A_0
Gate [2562] (OR)  - input1 (ID15(15)), S_A_0
Gate [2562] (OR)  - input0 (ID14(14)), S_A_0
Gate [2560] (NAND)- output, S_A_1
Gate [2560] (NAND)- output, S_A_0
Gate [2560] (NAND)- input1 (ID15(15)), S_A_1
Gate [2560] (NAND)- input0 (ID14(14)), S_A_1
Gate [2566] (OR)  - output, S_A_1
Gate [2566] (OR)  - output, S_A_0
Gate [2566] (OR)  - input1 (ID13(13)), S_A_0
Gate [2566] (OR)  - input0 (ID12(12)), S_A_0
Gate [2564] (NAND)- output, S_A_1
Gate [2564] (NAND)- output, S_A_0
Gate [2564] (NAND)- input1 (ID13(13)), S_A_1
Gate [2564] (NAND)- input0 (ID12(12)), S_A_1
Gate [1192] (NAND)- output, S_A_1
Gate [1192] (NAND)- output, S_A_0
Gate [1192] (NAND)- input1 (IC7(39)), S_A_1
Gate [1192] (NAND)- input0 (R(40)), S_A_1
Gate [2586] (OR)  - output, S_A_1
Gate [2586] (OR)  - output, S_A_0
Gate [2586] (OR)  - input1 (ID31(31)), S_A_0
Gate [2586] (OR)  - input0 (ID27(27)), S_A_0
Gate [2584] (NAND)- output, S_A_1
Gate [2584] (NAND)- output, S_A_0
Gate [2584] (NAND)- input1 (ID31(31)), S_A_1
Gate [2584] (NAND)- input0 (ID27(27)), S_A_1
Gate [2590] (OR)  - output, S_A_1
Gate [2590] (OR)  - output, S_A_0
Gate [2590] (OR)  - input1 (ID23(23)), S_A_0
Gate [2590] (OR)  - input0 (ID19(19)), S_A_0
Gate [2588] (NAND)- output, S_A_1
Gate [2588] (NAND)- output, S_A_0
Gate [2588] (NAND)- input1 (ID23(23)), S_A_1
Gate [2588] (NAND)- input0 (ID19(19)), S_A_1
Gate IC4(36) (PI)  - output, S_A_1
Gate IC4(36) (PI)  - output, S_A_0
Gate IC5(37) (PI)  - output, S_A_1
Gate IC5(37) (PI)  - output, S_A_0
Gate IC2(34) (PI)  - output, S_A_1
Gate ID10(10) (PI)  - output, S_A_0
Gate ID2(2) (PI)  - output, S_A_0
Gate IC3(35) (PI)  - output, S_A_0
Gate ID11(11) (PI)  - output, S_A_0
Gate ID3(3) (PI)  - output, S_A_0
Gate ID25(25) (PI)  - output, S_A_0
Gate ID29(29) (PI)  - output, S_A_0
Gate ID28(28) (PI)  - output, S_A_0
Gate IC1(33) (PI)  - output, S_A_0
Gate ID9(9) (PI)  - output, S_A_0
Gate ID7(7) (PI)  - output, S_A_0
Gate ID6(6) (PI)  - output, S_A_0
Gate ID5(5) (PI)  - output, S_A_0
Gate ID15(15) (PI)  - output, S_A_0
Gate ID14(14) (PI)  - output, S_A_1
Gate IC7(39) (PI)  - output, S_A_1
Gate IC7(39) (PI)  - output, S_A_0
Gate ID27(27) (PI)  - output, S_A_0
Gate ID31(31) (PI)  - output, S_A_0

Total Number of Faults = 1802
Number of Undetected Faults = 1090
Fault Coverage = 39.5%

